{"C:\\Users\\VAN WOODROE\\Documents\\ScholarMe\\middleware.ts": {"path":"C:\\Users\\VAN WOODROE\\Documents\\ScholarMe\\middleware.ts","statementMap":{"0":{"start":{"line":6,"column":17},"end":{"line":6,"column":null}},"1":{"start":{"line":7,"column":15},"end":{"line":7,"column":null}},"2":{"start":{"line":11,"column":8},"end":{"line":11,"column":null}},"3":{"start":{"line":12,"column":26},"end":{"line":14,"column":null}},"4":{"start":{"line":16,"column":21},"end":{"line":16,"column":null}},"5":{"start":{"line":17,"column":26},"end":{"line":17,"column":null}},"6":{"start":{"line":19,"column":2},"end":{"line":28,"column":null}},"7":{"start":{"line":21,"column":4},"end":{"line":27,"column":null}},"8":{"start":{"line":31,"column":21},"end":{"line":33,"column":null}},"9":{"start":{"line":34,"column":2},"end":{"line":52,"column":null}},"10":{"start":{"line":36,"column":4},"end":{"line":51,"column":null}},"11":{"start":{"line":38,"column":22},"end":{"line":38,"column":null}},"12":{"start":{"line":39,"column":6},"end":{"line":50,"column":null}},"13":{"start":{"line":43,"column":8},"end":{"line":49,"column":null}},"14":{"start":{"line":55,"column":16},"end":{"line":55,"column":null}},"15":{"start":{"line":58,"column":19},"end":{"line":60,"column":null}},"16":{"start":{"line":62,"column":2},"end":{"line":72,"column":null}},"17":{"start":{"line":63,"column":4},"end":{"line":63,"column":null}},"18":{"start":{"line":64,"column":4},"end":{"line":67,"column":null}},"19":{"start":{"line":68,"column":4},"end":{"line":71,"column":null}},"20":{"start":{"line":75,"column":20},"end":{"line":89,"column":null}},"21":{"start":{"line":91,"column":2},"end":{"line":91,"column":null}},"22":{"start":{"line":93,"column":2},"end":{"line":93,"column":null}},"23":{"start":{"line":95,"column":2},"end":{"line":95,"column":null}},"24":{"start":{"line":98,"column":22},"end":{"line":108,"column":null}}},"fnMap":{"0":{"name":"middleware","decl":{"start":{"line":4,"column":16},"end":{"line":4,"column":27}},"loc":{"start":{"line":4,"column":49},"end":{"line":96,"column":null}},"line":4}},"branchMap":{"0":{"loc":{"start":{"line":6,"column":17},"end":{"line":6,"column":null}},"type":"binary-expr","locations":[{"start":{"line":6,"column":17},"end":{"line":6,"column":50}},{"start":{"line":6,"column":50},"end":{"line":6,"column":null}}],"line":6},"1":{"loc":{"start":{"line":7,"column":15},"end":{"line":7,"column":null}},"type":"binary-expr","locations":[{"start":{"line":7,"column":15},"end":{"line":7,"column":46}},{"start":{"line":7,"column":46},"end":{"line":7,"column":null}}],"line":7},"2":{"loc":{"start":{"line":12,"column":26},"end":{"line":14,"column":null}},"type":"cond-expr","locations":[{"start":{"line":13,"column":6},"end":{"line":13,"column":null}},{"start":{"line":14,"column":6},"end":{"line":14,"column":null}}],"line":12},"3":{"loc":{"start":{"line":19,"column":2},"end":{"line":28,"column":null}},"type":"if","locations":[{"start":{"line":19,"column":2},"end":{"line":28,"column":null}},{"start":{},"end":{}}],"line":19},"4":{"loc":{"start":{"line":19,"column":6},"end":{"line":19,"column":51}},"type":"binary-expr","locations":[{"start":{"line":19,"column":6},"end":{"line":19,"column":16}},{"start":{"line":19,"column":16},"end":{"line":19,"column":51}}],"line":19},"5":{"loc":{"start":{"line":34,"column":2},"end":{"line":52,"column":null}},"type":"if","locations":[{"start":{"line":34,"column":2},"end":{"line":52,"column":null}},{"start":{},"end":{}}],"line":34},"6":{"loc":{"start":{"line":34,"column":6},"end":{"line":34,"column":32}},"type":"binary-expr","locations":[{"start":{"line":34,"column":6},"end":{"line":34,"column":20}},{"start":{"line":34,"column":20},"end":{"line":34,"column":32}}],"line":34},"7":{"loc":{"start":{"line":36,"column":4},"end":{"line":51,"column":null}},"type":"if","locations":[{"start":{"line":36,"column":4},"end":{"line":51,"column":null}},{"start":{},"end":{}}],"line":36},"8":{"loc":{"start":{"line":36,"column":8},"end":{"line":36,"column":54}},"type":"binary-expr","locations":[{"start":{"line":36,"column":8},"end":{"line":36,"column":19}},{"start":{"line":36,"column":19},"end":{"line":36,"column":54}}],"line":36},"9":{"loc":{"start":{"line":38,"column":22},"end":{"line":38,"column":null}},"type":"binary-expr","locations":[{"start":{"line":38,"column":22},"end":{"line":38,"column":56}},{"start":{"line":38,"column":56},"end":{"line":38,"column":null}}],"line":38},"10":{"loc":{"start":{"line":39,"column":6},"end":{"line":50,"column":null}},"type":"if","locations":[{"start":{"line":39,"column":6},"end":{"line":50,"column":null}},{"start":{},"end":{}}],"line":39},"11":{"loc":{"start":{"line":40,"column":8},"end":{"line":41,"column":null}},"type":"binary-expr","locations":[{"start":{"line":40,"column":8},"end":{"line":40,"column":null}},{"start":{"line":41,"column":8},"end":{"line":41,"column":null}}],"line":40},"12":{"loc":{"start":{"line":58,"column":19},"end":{"line":60,"column":null}},"type":"cond-expr","locations":[{"start":{"line":59,"column":6},"end":{"line":59,"column":null}},{"start":{"line":60,"column":6},"end":{"line":60,"column":null}}],"line":58},"13":{"loc":{"start":{"line":62,"column":2},"end":{"line":72,"column":null}},"type":"if","locations":[{"start":{"line":62,"column":2},"end":{"line":72,"column":null}},{"start":{},"end":{}}],"line":62},"14":{"loc":{"start":{"line":62,"column":6},"end":{"line":62,"column":50}},"type":"binary-expr","locations":[{"start":{"line":62,"column":6},"end":{"line":62,"column":16}},{"start":{"line":62,"column":16},"end":{"line":62,"column":50}}],"line":62}},"s":{"0":5,"1":5,"2":5,"3":5,"4":5,"5":5,"6":5,"7":1,"8":4,"9":4,"10":2,"11":1,"12":1,"13":1,"14":3,"15":3,"16":5,"17":2,"18":2,"19":2,"20":3,"21":3,"22":3,"23":3,"24":3},"f":{"0":5},"b":{"0":[5,2],"1":[5,1],"2":[2,3],"3":[1,4],"4":[5,3],"5":[2,2],"6":[4,2],"7":[1,1],"8":[2,1],"9":[1,1],"10":[1,0],"11":[1,1],"12":[1,2],"13":[2,3],"14":[5,2]},"meta":{"lastBranch":15,"lastFunction":1,"lastStatement":25,"seen":{"f:4:16:4:27":0,"s:6:17:6:Infinity":0,"b:6:17:6:50:6:50:6:Infinity":0,"s:7:15:7:Infinity":1,"b:7:15:7:46:7:46:7:Infinity":1,"s:11:8:11:Infinity":2,"s:12:26:14:Infinity":3,"b:13:6:13:Infinity:14:6:14:Infinity":2,"s:16:21:16:Infinity":4,"s:17:26:17:Infinity":5,"b:19:2:28:Infinity:undefined:undefined:undefined:undefined":3,"s:19:2:28:Infinity":6,"b:19:6:19:16:19:16:19:51":4,"s:21:4:27:Infinity":7,"s:31:21:33:Infinity":8,"b:34:2:52:Infinity:undefined:undefined:undefined:undefined":5,"s:34:2:52:Infinity":9,"b:34:6:34:20:34:20:34:32":6,"b:36:4:51:Infinity:undefined:undefined:undefined:undefined":7,"s:36:4:51:Infinity":10,"b:36:8:36:19:36:19:36:54":8,"s:38:22:38:Infinity":11,"b:38:22:38:56:38:56:38:Infinity":9,"b:39:6:50:Infinity:undefined:undefined:undefined:undefined":10,"s:39:6:50:Infinity":12,"b:40:8:40:Infinity:41:8:41:Infinity":11,"s:43:8:49:Infinity":13,"s:55:16:55:Infinity":14,"s:58:19:60:Infinity":15,"b:59:6:59:Infinity:60:6:60:Infinity":12,"b:62:2:72:Infinity:undefined:undefined:undefined:undefined":13,"s:62:2:72:Infinity":16,"b:62:6:62:16:62:16:62:50":14,"s:63:4:63:Infinity":17,"s:64:4:67:Infinity":18,"s:68:4:71:Infinity":19,"s:75:20:89:Infinity":20,"s:91:2:91:Infinity":21,"s:93:2:93:Infinity":22,"s:95:2:95:Infinity":23,"s:98:22:108:Infinity":24},"fnNames":{}}}
,"C:\\Users\\VAN WOODROE\\Documents\\ScholarMe\\__tests__\\security\\test-db.ts": {"path":"C:\\Users\\VAN WOODROE\\Documents\\ScholarMe\\__tests__\\security\\test-db.ts","statementMap":{"0":{"start":{"line":3,"column":25},"end":{"line":4,"column":null}},"1":{"start":{"line":8,"column":2},"end":{"line":10,"column":null}},"2":{"start":{"line":9,"column":4},"end":{"line":9,"column":null}},"3":{"start":{"line":11,"column":2},"end":{"line":14,"column":null}},"4":{"start":{"line":19,"column":2},"end":{"line":19,"column":null}}},"fnMap":{"0":{"name":"getTestClient","decl":{"start":{"line":7,"column":16},"end":{"line":7,"column":32}},"loc":{"start":{"line":7,"column":32},"end":{"line":15,"column":null}},"line":7},"1":{"name":"randomSuffix","decl":{"start":{"line":18,"column":16},"end":{"line":18,"column":31}},"loc":{"start":{"line":18,"column":31},"end":{"line":20,"column":null}},"line":18}},"branchMap":{"0":{"loc":{"start":{"line":4,"column":2},"end":{"line":4,"column":null}},"type":"binary-expr","locations":[{"start":{"line":4,"column":2},"end":{"line":4,"column":35}},{"start":{"line":4,"column":35},"end":{"line":4,"column":null}}],"line":4},"1":{"loc":{"start":{"line":8,"column":2},"end":{"line":10,"column":null}},"type":"if","locations":[{"start":{"line":8,"column":2},"end":{"line":10,"column":null}},{"start":{},"end":{}}],"line":8}},"s":{"0":7,"1":0,"2":0,"3":0,"4":0},"f":{"0":0,"1":0},"b":{"0":[7,0],"1":[0,0]},"meta":{"lastBranch":2,"lastFunction":2,"lastStatement":5,"seen":{"s:3:25:4:Infinity":0,"b:4:2:4:35:4:35:4:Infinity":0,"f:7:16:7:32":0,"b:8:2:10:Infinity:undefined:undefined:undefined:undefined":1,"s:8:2:10:Infinity":1,"s:9:4:9:Infinity":2,"s:11:2:14:Infinity":3,"f:18:16:18:31":1,"s:19:2:19:Infinity":4},"fnNames":{}}}
,"C:\\Users\\VAN WOODROE\\Documents\\ScholarMe\\app\\api\\account\\password\\route.ts": {"path":"C:\\Users\\VAN WOODROE\\Documents\\ScholarMe\\app\\api\\account\\password\\route.ts","statementMap":{"0":{"start":{"line":6,"column":31},"end":{"line":6,"column":null}},"1":{"start":{"line":7,"column":26},"end":{"line":7,"column":null}},"2":{"start":{"line":8,"column":21},"end":{"line":8,"column":null}},"3":{"start":{"line":11,"column":14},"end":{"line":11,"column":null}},"4":{"start":{"line":12,"column":17},"end":{"line":12,"column":null}},"5":{"start":{"line":14,"column":2},"end":{"line":18,"column":null}},"6":{"start":{"line":16,"column":4},"end":{"line":16,"column":null}},"7":{"start":{"line":17,"column":4},"end":{"line":17,"column":null}},"8":{"start":{"line":20,"column":2},"end":{"line":26,"column":null}},"9":{"start":{"line":21,"column":24},"end":{"line":21,"column":null}},"10":{"start":{"line":22,"column":4},"end":{"line":25,"column":null}},"11":{"start":{"line":28,"column":2},"end":{"line":28,"column":null}},"12":{"start":{"line":29,"column":2},"end":{"line":29,"column":null}},"13":{"start":{"line":33,"column":2},"end":{"line":99,"column":null}},"14":{"start":{"line":34,"column":21},"end":{"line":34,"column":null}},"15":{"start":{"line":35,"column":31},"end":{"line":35,"column":null}},"16":{"start":{"line":37,"column":4},"end":{"line":42,"column":null}},"17":{"start":{"line":38,"column":6},"end":{"line":41,"column":null}},"18":{"start":{"line":45,"column":22},"end":{"line":45,"column":null}},"19":{"start":{"line":46,"column":4},"end":{"line":48,"column":null}},"20":{"start":{"line":47,"column":6},"end":{"line":47,"column":null}},"21":{"start":{"line":50,"column":17},"end":{"line":50,"column":null}},"22":{"start":{"line":51,"column":45},"end":{"line":51,"column":null}},"23":{"start":{"line":53,"column":4},"end":{"line":58,"column":null}},"24":{"start":{"line":54,"column":6},"end":{"line":57,"column":null}},"25":{"start":{"line":60,"column":4},"end":{"line":65,"column":null}},"26":{"start":{"line":61,"column":6},"end":{"line":64,"column":null}},"27":{"start":{"line":68,"column":35},"end":{"line":71,"column":null}},"28":{"start":{"line":73,"column":4},"end":{"line":78,"column":null}},"29":{"start":{"line":74,"column":6},"end":{"line":77,"column":null}},"30":{"start":{"line":81,"column":35},"end":{"line":83,"column":null}},"31":{"start":{"line":85,"column":4},"end":{"line":90,"column":null}},"32":{"start":{"line":86,"column":6},"end":{"line":89,"column":null}},"33":{"start":{"line":92,"column":4},"end":{"line":92,"column":null}},"34":{"start":{"line":94,"column":4},"end":{"line":94,"column":null}},"35":{"start":{"line":95,"column":4},"end":{"line":98,"column":null}}},"fnMap":{"0":{"name":"checkRateLimit","decl":{"start":{"line":10,"column":9},"end":{"line":10,"column":24}},"loc":{"start":{"line":10,"column":80},"end":{"line":30,"column":null}},"line":10},"1":{"name":"PUT","decl":{"start":{"line":32,"column":22},"end":{"line":32,"column":26}},"loc":{"start":{"line":32,"column":44},"end":{"line":100,"column":null}},"line":32}},"branchMap":{"0":{"loc":{"start":{"line":14,"column":2},"end":{"line":18,"column":null}},"type":"if","locations":[{"start":{"line":14,"column":2},"end":{"line":18,"column":null}},{"start":{},"end":{}}],"line":14},"1":{"loc":{"start":{"line":14,"column":6},"end":{"line":14,"column":41}},"type":"binary-expr","locations":[{"start":{"line":14,"column":6},"end":{"line":14,"column":17}},{"start":{"line":14,"column":17},"end":{"line":14,"column":41}}],"line":14},"2":{"loc":{"start":{"line":20,"column":2},"end":{"line":26,"column":null}},"type":"if","locations":[{"start":{"line":20,"column":2},"end":{"line":26,"column":null}},{"start":{},"end":{}}],"line":20},"3":{"loc":{"start":{"line":37,"column":4},"end":{"line":42,"column":null}},"type":"if","locations":[{"start":{"line":37,"column":4},"end":{"line":42,"column":null}},{"start":{},"end":{}}],"line":37},"4":{"loc":{"start":{"line":46,"column":4},"end":{"line":48,"column":null}},"type":"if","locations":[{"start":{"line":46,"column":4},"end":{"line":48,"column":null}},{"start":{},"end":{}}],"line":46},"5":{"loc":{"start":{"line":53,"column":4},"end":{"line":58,"column":null}},"type":"if","locations":[{"start":{"line":53,"column":4},"end":{"line":58,"column":null}},{"start":{},"end":{}}],"line":53},"6":{"loc":{"start":{"line":53,"column":8},"end":{"line":53,"column":42}},"type":"binary-expr","locations":[{"start":{"line":53,"column":8},"end":{"line":53,"column":28}},{"start":{"line":53,"column":28},"end":{"line":53,"column":42}}],"line":53},"7":{"loc":{"start":{"line":60,"column":4},"end":{"line":65,"column":null}},"type":"if","locations":[{"start":{"line":60,"column":4},"end":{"line":65,"column":null}},{"start":{},"end":{}}],"line":60},"8":{"loc":{"start":{"line":73,"column":4},"end":{"line":78,"column":null}},"type":"if","locations":[{"start":{"line":73,"column":4},"end":{"line":78,"column":null}},{"start":{},"end":{}}],"line":73},"9":{"loc":{"start":{"line":85,"column":4},"end":{"line":90,"column":null}},"type":"if","locations":[{"start":{"line":85,"column":4},"end":{"line":90,"column":null}},{"start":{},"end":{}}],"line":85},"10":{"loc":{"start":{"line":87,"column":17},"end":{"line":87,"column":69}},"type":"binary-expr","locations":[{"start":{"line":87,"column":17},"end":{"line":87,"column":40}},{"start":{"line":87,"column":40},"end":{"line":87,"column":69}}],"line":87}},"s":{"0":1,"1":1,"2":1,"3":7,"4":7,"5":7,"6":1,"7":1,"8":6,"9":1,"10":1,"11":5,"12":5,"13":7,"14":7,"15":7,"16":7,"17":0,"18":7,"19":7,"20":1,"21":6,"22":6,"23":6,"24":0,"25":6,"26":0,"27":6,"28":6,"29":0,"30":6,"31":6,"32":0,"33":6,"34":0,"35":0},"f":{"0":7,"1":7},"b":{"0":[1,6],"1":[7,6],"2":[1,5],"3":[0,7],"4":[1,6],"5":[0,6],"6":[6,6],"7":[0,6],"8":[0,6],"9":[0,6],"10":[0,0]},"meta":{"lastBranch":11,"lastFunction":2,"lastStatement":36,"seen":{"s:6:31:6:Infinity":0,"s:7:26:7:Infinity":1,"s:8:21:8:Infinity":2,"f:10:9:10:24":0,"s:11:14:11:Infinity":3,"s:12:17:12:Infinity":4,"b:14:2:18:Infinity:undefined:undefined:undefined:undefined":0,"s:14:2:18:Infinity":5,"b:14:6:14:17:14:17:14:41":1,"s:16:4:16:Infinity":6,"s:17:4:17:Infinity":7,"b:20:2:26:Infinity:undefined:undefined:undefined:undefined":2,"s:20:2:26:Infinity":8,"s:21:24:21:Infinity":9,"s:22:4:25:Infinity":10,"s:28:2:28:Infinity":11,"s:29:2:29:Infinity":12,"f:32:22:32:26":1,"s:33:2:99:Infinity":13,"s:34:21:34:Infinity":14,"s:35:31:35:Infinity":15,"b:37:4:42:Infinity:undefined:undefined:undefined:undefined":3,"s:37:4:42:Infinity":16,"s:38:6:41:Infinity":17,"s:45:22:45:Infinity":18,"b:46:4:48:Infinity:undefined:undefined:undefined:undefined":4,"s:46:4:48:Infinity":19,"s:47:6:47:Infinity":20,"s:50:17:50:Infinity":21,"s:51:45:51:Infinity":22,"b:53:4:58:Infinity:undefined:undefined:undefined:undefined":5,"s:53:4:58:Infinity":23,"b:53:8:53:28:53:28:53:42":6,"s:54:6:57:Infinity":24,"b:60:4:65:Infinity:undefined:undefined:undefined:undefined":7,"s:60:4:65:Infinity":25,"s:61:6:64:Infinity":26,"s:68:35:71:Infinity":27,"b:73:4:78:Infinity:undefined:undefined:undefined:undefined":8,"s:73:4:78:Infinity":28,"s:74:6:77:Infinity":29,"s:81:35:83:Infinity":30,"b:85:4:90:Infinity:undefined:undefined:undefined:undefined":9,"s:85:4:90:Infinity":31,"s:86:6:89:Infinity":32,"b:87:17:87:40:87:40:87:69":10,"s:92:4:92:Infinity":33,"s:94:4:94:Infinity":34,"s:95:4:98:Infinity":35},"fnNames":{}}}
,"C:\\Users\\VAN WOODROE\\Documents\\ScholarMe\\app\\api\\admin\\migrations\\execute\\route.ts": {"path":"C:\\Users\\VAN WOODROE\\Documents\\ScholarMe\\app\\api\\admin\\migrations\\execute\\route.ts","statementMap":{"0":{"start":{"line":5,"column":23},"end":{"line":5,"column":null}},"1":{"start":{"line":8,"column":2},"end":{"line":143,"column":null}},"2":{"start":{"line":10,"column":4},"end":{"line":15,"column":null}},"3":{"start":{"line":11,"column":6},"end":{"line":14,"column":null}},"4":{"start":{"line":17,"column":26},"end":{"line":17,"column":null}},"5":{"start":{"line":18,"column":4},"end":{"line":23,"column":null}},"6":{"start":{"line":19,"column":6},"end":{"line":22,"column":null}},"7":{"start":{"line":25,"column":23},"end":{"line":25,"column":null}},"8":{"start":{"line":26,"column":4},"end":{"line":31,"column":null}},"9":{"start":{"line":27,"column":6},"end":{"line":30,"column":null}},"10":{"start":{"line":33,"column":18},"end":{"line":33,"column":null}},"11":{"start":{"line":34,"column":4},"end":{"line":39,"column":null}},"12":{"start":{"line":35,"column":6},"end":{"line":38,"column":null}},"13":{"start":{"line":41,"column":24},"end":{"line":41,"column":null}},"14":{"start":{"line":42,"column":31},"end":{"line":42,"column":null}},"15":{"start":{"line":44,"column":4},"end":{"line":49,"column":null}},"16":{"start":{"line":45,"column":6},"end":{"line":48,"column":null}},"17":{"start":{"line":52,"column":26},"end":{"line":52,"column":null}},"18":{"start":{"line":53,"column":25},"end":{"line":53,"column":null}},"19":{"start":{"line":56,"column":23},"end":{"line":56,"column":null}},"20":{"start":{"line":58,"column":4},"end":{"line":58,"column":null}},"21":{"start":{"line":60,"column":20},"end":{"line":60,"column":null}},"22":{"start":{"line":61,"column":23},"end":{"line":61,"column":null}},"23":{"start":{"line":62,"column":23},"end":{"line":62,"column":null}},"24":{"start":{"line":65,"column":4},"end":{"line":127,"column":null}},"25":{"start":{"line":65,"column":17},"end":{"line":65,"column":20}},"26":{"start":{"line":66,"column":19},"end":{"line":66,"column":null}},"27":{"start":{"line":67,"column":23},"end":{"line":67,"column":null}},"28":{"start":{"line":69,"column":6},"end":{"line":126,"column":null}},"29":{"start":{"line":71,"column":25},"end":{"line":79,"column":null}},"30":{"start":{"line":81,"column":8},"end":{"line":115,"column":null}},"31":{"start":{"line":82,"column":10},"end":{"line":82,"column":null}},"32":{"start":{"line":83,"column":10},"end":{"line":88,"column":null}},"33":{"start":{"line":91,"column":31},"end":{"line":95,"column":null}},"34":{"start":{"line":97,"column":10},"end":{"line":114,"column":null}},"35":{"start":{"line":98,"column":12},"end":{"line":98,"column":null}},"36":{"start":{"line":99,"column":12},"end":{"line":104,"column":null}},"37":{"start":{"line":106,"column":12},"end":{"line":106,"column":null}},"38":{"start":{"line":107,"column":12},"end":{"line":113,"column":null}},"39":{"start":{"line":117,"column":8},"end":{"line":117,"column":null}},"40":{"start":{"line":118,"column":23},"end":{"line":118,"column":null}},"41":{"start":{"line":119,"column":8},"end":{"line":125,"column":null}},"42":{"start":{"line":129,"column":4},"end":{"line":138,"column":null}},"43":{"start":{"line":140,"column":16},"end":{"line":140,"column":null}},"44":{"start":{"line":141,"column":4},"end":{"line":141,"column":null}},"45":{"start":{"line":142,"column":4},"end":{"line":142,"column":null}},"46":{"start":{"line":147,"column":31},"end":{"line":147,"column":null}},"47":{"start":{"line":148,"column":16},"end":{"line":148,"column":null}},"48":{"start":{"line":149,"column":19},"end":{"line":149,"column":null}},"49":{"start":{"line":150,"column":20},"end":{"line":150,"column":null}},"50":{"start":{"line":152,"column":2},"end":{"line":187,"column":null}},"51":{"start":{"line":153,"column":20},"end":{"line":153,"column":null}},"52":{"start":{"line":156,"column":4},"end":{"line":158,"column":null}},"53":{"start":{"line":157,"column":6},"end":{"line":157,"column":null}},"54":{"start":{"line":161,"column":4},"end":{"line":166,"column":null}},"55":{"start":{"line":165,"column":6},"end":{"line":165,"column":null}},"56":{"start":{"line":169,"column":4},"end":{"line":171,"column":null}},"57":{"start":{"line":170,"column":6},"end":{"line":170,"column":null}},"58":{"start":{"line":173,"column":4},"end":{"line":173,"column":null}},"59":{"start":{"line":176,"column":4},"end":{"line":186,"column":null}},"60":{"start":{"line":177,"column":19},"end":{"line":177,"column":null}},"61":{"start":{"line":178,"column":6},"end":{"line":178,"column":null}},"62":{"start":{"line":178,"column":16},"end":{"line":178,"column":null}},"63":{"start":{"line":179,"column":6},"end":{"line":179,"column":null}},"64":{"start":{"line":180,"column":11},"end":{"line":186,"column":null}},"65":{"start":{"line":181,"column":6},"end":{"line":181,"column":null}},"66":{"start":{"line":182,"column":6},"end":{"line":182,"column":null}},"67":{"start":{"line":183,"column":19},"end":{"line":183,"column":null}},"68":{"start":{"line":184,"column":6},"end":{"line":184,"column":null}},"69":{"start":{"line":184,"column":16},"end":{"line":184,"column":null}},"70":{"start":{"line":185,"column":6},"end":{"line":185,"column":null}},"71":{"start":{"line":189,"column":2},"end":{"line":191,"column":null}},"72":{"start":{"line":190,"column":4},"end":{"line":190,"column":null}},"73":{"start":{"line":193,"column":2},"end":{"line":193,"column":null}},"74":{"start":{"line":201,"column":18},"end":{"line":201,"column":null}},"75":{"start":{"line":202,"column":2},"end":{"line":210,"column":null}}},"fnMap":{"0":{"name":"POST","decl":{"start":{"line":7,"column":22},"end":{"line":7,"column":27}},"loc":{"start":{"line":7,"column":49},"end":{"line":144,"column":null}},"line":7},"1":{"name":"parseSQLStatements","decl":{"start":{"line":146,"column":9},"end":{"line":146,"column":28}},"loc":{"start":{"line":146,"column":51},"end":{"line":194,"column":null}},"line":146},"2":{"name":"executeViaPooling","decl":{"start":{"line":196,"column":15},"end":{"line":196,"column":null}},"loc":{"start":{"line":200,"column":21},"end":{"line":211,"column":null}},"line":200}},"branchMap":{"0":{"loc":{"start":{"line":10,"column":4},"end":{"line":15,"column":null}},"type":"if","locations":[{"start":{"line":10,"column":4},"end":{"line":15,"column":null}},{"start":{},"end":{}}],"line":10},"1":{"loc":{"start":{"line":18,"column":4},"end":{"line":23,"column":null}},"type":"if","locations":[{"start":{"line":18,"column":4},"end":{"line":23,"column":null}},{"start":{},"end":{}}],"line":18},"2":{"loc":{"start":{"line":26,"column":4},"end":{"line":31,"column":null}},"type":"if","locations":[{"start":{"line":26,"column":4},"end":{"line":31,"column":null}},{"start":{},"end":{}}],"line":26},"3":{"loc":{"start":{"line":26,"column":8},"end":{"line":26,"column":58}},"type":"binary-expr","locations":[{"start":{"line":26,"column":8},"end":{"line":26,"column":23}},{"start":{"line":26,"column":23},"end":{"line":26,"column":58}}],"line":26},"4":{"loc":{"start":{"line":34,"column":4},"end":{"line":39,"column":null}},"type":"if","locations":[{"start":{"line":34,"column":4},"end":{"line":39,"column":null}},{"start":{},"end":{}}],"line":34},"5":{"loc":{"start":{"line":44,"column":4},"end":{"line":49,"column":null}},"type":"if","locations":[{"start":{"line":44,"column":4},"end":{"line":49,"column":null}},{"start":{},"end":{}}],"line":44},"6":{"loc":{"start":{"line":44,"column":8},"end":{"line":44,"column":45}},"type":"binary-expr","locations":[{"start":{"line":44,"column":8},"end":{"line":44,"column":24}},{"start":{"line":44,"column":24},"end":{"line":44,"column":45}}],"line":44},"7":{"loc":{"start":{"line":81,"column":8},"end":{"line":115,"column":null}},"type":"if","locations":[{"start":{"line":81,"column":8},"end":{"line":115,"column":null}},{"start":{"line":89,"column":15},"end":{"line":115,"column":null}}],"line":81},"8":{"loc":{"start":{"line":97,"column":10},"end":{"line":114,"column":null}},"type":"if","locations":[{"start":{"line":97,"column":10},"end":{"line":114,"column":null}},{"start":{"line":105,"column":17},"end":{"line":114,"column":null}}],"line":97},"9":{"loc":{"start":{"line":118,"column":23},"end":{"line":118,"column":null}},"type":"cond-expr","locations":[{"start":{"line":118,"column":46},"end":{"line":118,"column":60}},{"start":{"line":118,"column":60},"end":{"line":118,"column":null}}],"line":118},"10":{"loc":{"start":{"line":140,"column":16},"end":{"line":140,"column":null}},"type":"cond-expr","locations":[{"start":{"line":140,"column":41},"end":{"line":140,"column":57}},{"start":{"line":140,"column":57},"end":{"line":140,"column":null}}],"line":140},"11":{"loc":{"start":{"line":156,"column":4},"end":{"line":158,"column":null}},"type":"if","locations":[{"start":{"line":156,"column":4},"end":{"line":158,"column":null}},{"start":{},"end":{}}],"line":156},"12":{"loc":{"start":{"line":156,"column":8},"end":{"line":156,"column":61}},"type":"binary-expr","locations":[{"start":{"line":156,"column":8},"end":{"line":156,"column":36}},{"start":{"line":156,"column":36},"end":{"line":156,"column":61}}],"line":156},"13":{"loc":{"start":{"line":161,"column":4},"end":{"line":166,"column":null}},"type":"if","locations":[{"start":{"line":161,"column":4},"end":{"line":166,"column":null}},{"start":{},"end":{}}],"line":161},"14":{"loc":{"start":{"line":162,"column":6},"end":{"line":163,"column":null}},"type":"binary-expr","locations":[{"start":{"line":162,"column":6},"end":{"line":162,"column":null}},{"start":{"line":163,"column":6},"end":{"line":163,"column":null}}],"line":162},"15":{"loc":{"start":{"line":169,"column":4},"end":{"line":171,"column":null}},"type":"if","locations":[{"start":{"line":169,"column":4},"end":{"line":171,"column":null}},{"start":{},"end":{}}],"line":169},"16":{"loc":{"start":{"line":169,"column":8},"end":{"line":169,"column":46}},"type":"binary-expr","locations":[{"start":{"line":169,"column":8},"end":{"line":169,"column":22}},{"start":{"line":169,"column":22},"end":{"line":169,"column":46}}],"line":169},"17":{"loc":{"start":{"line":176,"column":4},"end":{"line":186,"column":null}},"type":"if","locations":[{"start":{"line":176,"column":4},"end":{"line":186,"column":null}},{"start":{"line":180,"column":11},"end":{"line":186,"column":null}}],"line":176},"18":{"loc":{"start":{"line":176,"column":8},"end":{"line":176,"column":46}},"type":"binary-expr","locations":[{"start":{"line":176,"column":8},"end":{"line":176,"column":33}},{"start":{"line":176,"column":33},"end":{"line":176,"column":46}}],"line":176},"19":{"loc":{"start":{"line":178,"column":6},"end":{"line":178,"column":null}},"type":"if","locations":[{"start":{"line":178,"column":6},"end":{"line":178,"column":null}},{"start":{},"end":{}}],"line":178},"20":{"loc":{"start":{"line":180,"column":11},"end":{"line":186,"column":null}},"type":"if","locations":[{"start":{"line":180,"column":11},"end":{"line":186,"column":null}},{"start":{},"end":{}}],"line":180},"21":{"loc":{"start":{"line":180,"column":15},"end":{"line":180,"column":72}},"type":"binary-expr","locations":[{"start":{"line":180,"column":15},"end":{"line":180,"column":29}},{"start":{"line":180,"column":29},"end":{"line":180,"column":49}},{"start":{"line":180,"column":49},"end":{"line":180,"column":72}}],"line":180},"22":{"loc":{"start":{"line":184,"column":6},"end":{"line":184,"column":null}},"type":"if","locations":[{"start":{"line":184,"column":6},"end":{"line":184,"column":null}},{"start":{},"end":{}}],"line":184},"23":{"loc":{"start":{"line":189,"column":2},"end":{"line":191,"column":null}},"type":"if","locations":[{"start":{"line":189,"column":2},"end":{"line":191,"column":null}},{"start":{},"end":{}}],"line":189}},"s":{"0":1,"1":1,"2":1,"3":1,"4":0,"5":0,"6":0,"7":0,"8":0,"9":0,"10":0,"11":0,"12":0,"13":0,"14":0,"15":0,"16":0,"17":0,"18":0,"19":0,"20":0,"21":0,"22":0,"23":0,"24":0,"25":0,"26":0,"27":0,"28":0,"29":0,"30":0,"31":0,"32":0,"33":0,"34":0,"35":0,"36":0,"37":0,"38":0,"39":0,"40":0,"41":0,"42":0,"43":0,"44":0,"45":0,"46":0,"47":0,"48":0,"49":0,"50":0,"51":0,"52":0,"53":0,"54":0,"55":0,"56":0,"57":0,"58":0,"59":0,"60":0,"61":0,"62":0,"63":0,"64":0,"65":0,"66":0,"67":0,"68":0,"69":0,"70":0,"71":0,"72":0,"73":0,"74":0,"75":0},"f":{"0":1,"1":0,"2":0},"b":{"0":[1,0],"1":[0,0],"2":[0,0],"3":[0,0],"4":[0,0],"5":[0,0],"6":[0,0],"7":[0,0],"8":[0,0],"9":[0,0],"10":[0,0],"11":[0,0],"12":[0,0],"13":[0,0],"14":[0,0],"15":[0,0],"16":[0,0],"17":[0,0],"18":[0,0],"19":[0,0],"20":[0,0],"21":[0,0,0],"22":[0,0],"23":[0,0]},"meta":{"lastBranch":24,"lastFunction":3,"lastStatement":76,"seen":{"s:5:23:5:Infinity":0,"f:7:22:7:27":0,"s:8:2:143:Infinity":1,"b:10:4:15:Infinity:undefined:undefined:undefined:undefined":0,"s:10:4:15:Infinity":2,"s:11:6:14:Infinity":3,"s:17:26:17:Infinity":4,"b:18:4:23:Infinity:undefined:undefined:undefined:undefined":1,"s:18:4:23:Infinity":5,"s:19:6:22:Infinity":6,"s:25:23:25:Infinity":7,"b:26:4:31:Infinity:undefined:undefined:undefined:undefined":2,"s:26:4:31:Infinity":8,"b:26:8:26:23:26:23:26:58":3,"s:27:6:30:Infinity":9,"s:33:18:33:Infinity":10,"b:34:4:39:Infinity:undefined:undefined:undefined:undefined":4,"s:34:4:39:Infinity":11,"s:35:6:38:Infinity":12,"s:41:24:41:Infinity":13,"s:42:31:42:Infinity":14,"b:44:4:49:Infinity:undefined:undefined:undefined:undefined":5,"s:44:4:49:Infinity":15,"b:44:8:44:24:44:24:44:45":6,"s:45:6:48:Infinity":16,"s:52:26:52:Infinity":17,"s:53:25:53:Infinity":18,"s:56:23:56:Infinity":19,"s:58:4:58:Infinity":20,"s:60:20:60:Infinity":21,"s:61:23:61:Infinity":22,"s:62:23:62:Infinity":23,"s:65:4:127:Infinity":24,"s:65:17:65:20":25,"s:66:19:66:Infinity":26,"s:67:23:67:Infinity":27,"s:69:6:126:Infinity":28,"s:71:25:79:Infinity":29,"b:81:8:115:Infinity:89:15:115:Infinity":7,"s:81:8:115:Infinity":30,"s:82:10:82:Infinity":31,"s:83:10:88:Infinity":32,"s:91:31:95:Infinity":33,"b:97:10:114:Infinity:105:17:114:Infinity":8,"s:97:10:114:Infinity":34,"s:98:12:98:Infinity":35,"s:99:12:104:Infinity":36,"s:106:12:106:Infinity":37,"s:107:12:113:Infinity":38,"s:117:8:117:Infinity":39,"s:118:23:118:Infinity":40,"b:118:46:118:60:118:60:118:Infinity":9,"s:119:8:125:Infinity":41,"s:129:4:138:Infinity":42,"s:140:16:140:Infinity":43,"b:140:41:140:57:140:57:140:Infinity":10,"s:141:4:141:Infinity":44,"s:142:4:142:Infinity":45,"f:146:9:146:28":1,"s:147:31:147:Infinity":46,"s:148:16:148:Infinity":47,"s:149:19:149:Infinity":48,"s:150:20:150:Infinity":49,"s:152:2:187:Infinity":50,"s:153:20:153:Infinity":51,"b:156:4:158:Infinity:undefined:undefined:undefined:undefined":11,"s:156:4:158:Infinity":52,"b:156:8:156:36:156:36:156:61":12,"s:157:6:157:Infinity":53,"b:161:4:166:Infinity:undefined:undefined:undefined:undefined":13,"s:161:4:166:Infinity":54,"b:162:6:162:Infinity:163:6:163:Infinity":14,"s:165:6:165:Infinity":55,"b:169:4:171:Infinity:undefined:undefined:undefined:undefined":15,"s:169:4:171:Infinity":56,"b:169:8:169:22:169:22:169:46":16,"s:170:6:170:Infinity":57,"s:173:4:173:Infinity":58,"b:176:4:186:Infinity:180:11:186:Infinity":17,"s:176:4:186:Infinity":59,"b:176:8:176:33:176:33:176:46":18,"s:177:19:177:Infinity":60,"b:178:6:178:Infinity:undefined:undefined:undefined:undefined":19,"s:178:6:178:Infinity":61,"s:178:16:178:Infinity":62,"s:179:6:179:Infinity":63,"b:180:11:186:Infinity:undefined:undefined:undefined:undefined":20,"s:180:11:186:Infinity":64,"b:180:15:180:29:180:29:180:49:180:49:180:72":21,"s:181:6:181:Infinity":65,"s:182:6:182:Infinity":66,"s:183:19:183:Infinity":67,"b:184:6:184:Infinity:undefined:undefined:undefined:undefined":22,"s:184:6:184:Infinity":68,"s:184:16:184:Infinity":69,"s:185:6:185:Infinity":70,"b:189:2:191:Infinity:undefined:undefined:undefined:undefined":23,"s:189:2:191:Infinity":71,"s:190:4:190:Infinity":72,"s:193:2:193:Infinity":73,"f:196:15:196:Infinity":2,"s:201:18:201:Infinity":74,"s:202:2:210:Infinity":75},"fnNames":{}}}
,"C:\\Users\\VAN WOODROE\\Documents\\ScholarMe\\app\\api\\auth\\card-login\\route.ts": {"path":"C:\\Users\\VAN WOODROE\\Documents\\ScholarMe\\app\\api\\auth\\card-login\\route.ts","statementMap":{"0":{"start":{"line":9,"column":6},"end":{"line":9,"column":null}},"1":{"start":{"line":11,"column":2},"end":{"line":169,"column":null}},"2":{"start":{"line":12,"column":28},"end":{"line":12,"column":null}},"3":{"start":{"line":14,"column":4},"end":{"line":22,"column":null}},"4":{"start":{"line":15,"column":6},"end":{"line":21,"column":null}},"5":{"start":{"line":25,"column":28},"end":{"line":25,"column":null}},"6":{"start":{"line":26,"column":4},"end":{"line":35,"column":null}},"7":{"start":{"line":27,"column":6},"end":{"line":27,"column":null}},"8":{"start":{"line":28,"column":6},"end":{"line":34,"column":null}},"9":{"start":{"line":39,"column":6},"end":{"line":39,"column":null}},"10":{"start":{"line":40,"column":24},"end":{"line":43,"column":null}},"11":{"start":{"line":46,"column":45},"end":{"line":51,"column":null}},"12":{"start":{"line":53,"column":4},"end":{"line":61,"column":null}},"13":{"start":{"line":54,"column":6},"end":{"line":60,"column":null}},"14":{"start":{"line":65,"column":6},"end":{"line":67,"column":null}},"15":{"start":{"line":69,"column":4},"end":{"line":77,"column":null}},"16":{"start":{"line":71,"column":6},"end":{"line":71,"column":null}},"17":{"start":{"line":73,"column":6},"end":{"line":76,"column":null}},"18":{"start":{"line":80,"column":4},"end":{"line":88,"column":null}},"19":{"start":{"line":81,"column":6},"end":{"line":87,"column":null}},"20":{"start":{"line":92,"column":6},"end":{"line":92,"column":null}},"21":{"start":{"line":94,"column":4},"end":{"line":99,"column":null}},"22":{"start":{"line":95,"column":6},"end":{"line":98,"column":null}},"23":{"start":{"line":104,"column":6},"end":{"line":107,"column":null}},"24":{"start":{"line":109,"column":4},"end":{"line":117,"column":null}},"25":{"start":{"line":110,"column":6},"end":{"line":116,"column":null}},"26":{"start":{"line":120,"column":21},"end":{"line":120,"column":null}},"27":{"start":{"line":121,"column":22},"end":{"line":121,"column":null}},"28":{"start":{"line":123,"column":4},"end":{"line":131,"column":null}},"29":{"start":{"line":124,"column":6},"end":{"line":130,"column":null}},"30":{"start":{"line":134,"column":6},"end":{"line":137,"column":null}},"31":{"start":{"line":139,"column":4},"end":{"line":148,"column":null}},"32":{"start":{"line":140,"column":6},"end":{"line":140,"column":null}},"33":{"start":{"line":141,"column":6},"end":{"line":147,"column":null}},"34":{"start":{"line":150,"column":20},"end":{"line":150,"column":null}},"35":{"start":{"line":151,"column":10},"end":{"line":153,"column":null}},"36":{"start":{"line":155,"column":4},"end":{"line":159,"column":null}},"37":{"start":{"line":161,"column":4},"end":{"line":161,"column":null}},"38":{"start":{"line":162,"column":4},"end":{"line":168,"column":null}}},"fnMap":{"0":{"name":"POST","decl":{"start":{"line":10,"column":22},"end":{"line":10,"column":27}},"loc":{"start":{"line":10,"column":45},"end":{"line":170,"column":null}},"line":10}},"branchMap":{"0":{"loc":{"start":{"line":14,"column":4},"end":{"line":22,"column":null}},"type":"if","locations":[{"start":{"line":14,"column":4},"end":{"line":22,"column":null}},{"start":{},"end":{}}],"line":14},"1":{"loc":{"start":{"line":14,"column":8},"end":{"line":14,"column":25}},"type":"binary-expr","locations":[{"start":{"line":14,"column":8},"end":{"line":14,"column":19}},{"start":{"line":14,"column":19},"end":{"line":14,"column":25}}],"line":14},"2":{"loc":{"start":{"line":17,"column":18},"end":{"line":17,"column":null}},"type":"cond-expr","locations":[{"start":{"line":17,"column":28},"end":{"line":17,"column":52}},{"start":{"line":17,"column":52},"end":{"line":17,"column":null}}],"line":17},"3":{"loc":{"start":{"line":18,"column":15},"end":{"line":18,"column":null}},"type":"cond-expr","locations":[{"start":{"line":18,"column":22},"end":{"line":18,"column":42}},{"start":{"line":18,"column":42},"end":{"line":18,"column":null}}],"line":18},"4":{"loc":{"start":{"line":26,"column":4},"end":{"line":35,"column":null}},"type":"if","locations":[{"start":{"line":26,"column":4},"end":{"line":35,"column":null}},{"start":{},"end":{}}],"line":26},"5":{"loc":{"start":{"line":53,"column":4},"end":{"line":61,"column":null}},"type":"if","locations":[{"start":{"line":53,"column":4},"end":{"line":61,"column":null}},{"start":{},"end":{}}],"line":53},"6":{"loc":{"start":{"line":53,"column":8},"end":{"line":53,"column":28}},"type":"binary-expr","locations":[{"start":{"line":53,"column":8},"end":{"line":53,"column":21}},{"start":{"line":53,"column":21},"end":{"line":53,"column":28}}],"line":53},"7":{"loc":{"start":{"line":65,"column":6},"end":{"line":67,"column":null}},"type":"cond-expr","locations":[{"start":{"line":66,"column":10},"end":{"line":66,"column":null}},{"start":{"line":67,"column":10},"end":{"line":67,"column":null}}],"line":65},"8":{"loc":{"start":{"line":65,"column":6},"end":{"line":65,"column":null}},"type":"binary-expr","locations":[{"start":{"line":65,"column":6},"end":{"line":65,"column":37}},{"start":{"line":65,"column":37},"end":{"line":65,"column":null}}],"line":65},"9":{"loc":{"start":{"line":69,"column":4},"end":{"line":77,"column":null}},"type":"if","locations":[{"start":{"line":69,"column":4},"end":{"line":77,"column":null}},{"start":{},"end":{}}],"line":69},"10":{"loc":{"start":{"line":80,"column":4},"end":{"line":88,"column":null}},"type":"if","locations":[{"start":{"line":80,"column":4},"end":{"line":88,"column":null}},{"start":{},"end":{}}],"line":80},"11":{"loc":{"start":{"line":94,"column":4},"end":{"line":99,"column":null}},"type":"if","locations":[{"start":{"line":94,"column":4},"end":{"line":99,"column":null}},{"start":{},"end":{}}],"line":94},"12":{"loc":{"start":{"line":94,"column":8},"end":{"line":94,"column":45}},"type":"binary-expr","locations":[{"start":{"line":94,"column":8},"end":{"line":94,"column":21}},{"start":{"line":94,"column":21},"end":{"line":94,"column":45}}],"line":94},"13":{"loc":{"start":{"line":109,"column":4},"end":{"line":117,"column":null}},"type":"if","locations":[{"start":{"line":109,"column":4},"end":{"line":117,"column":null}},{"start":{},"end":{}}],"line":109},"14":{"loc":{"start":{"line":109,"column":8},"end":{"line":109,"column":32}},"type":"binary-expr","locations":[{"start":{"line":109,"column":8},"end":{"line":109,"column":21}},{"start":{"line":109,"column":21},"end":{"line":109,"column":32}}],"line":109},"15":{"loc":{"start":{"line":123,"column":4},"end":{"line":131,"column":null}},"type":"if","locations":[{"start":{"line":123,"column":4},"end":{"line":131,"column":null}},{"start":{},"end":{}}],"line":123},"16":{"loc":{"start":{"line":139,"column":4},"end":{"line":148,"column":null}},"type":"if","locations":[{"start":{"line":139,"column":4},"end":{"line":148,"column":null}},{"start":{},"end":{}}],"line":139},"17":{"loc":{"start":{"line":139,"column":8},"end":{"line":139,"column":42}},"type":"binary-expr","locations":[{"start":{"line":139,"column":8},"end":{"line":139,"column":23}},{"start":{"line":139,"column":23},"end":{"line":139,"column":42}}],"line":139},"18":{"loc":{"start":{"line":151,"column":10},"end":{"line":153,"column":null}},"type":"binary-expr","locations":[{"start":{"line":151,"column":10},"end":{"line":153,"column":18}},{"start":{"line":153,"column":18},"end":{"line":153,"column":null}}],"line":151}},"s":{"0":1,"1":2,"2":2,"3":2,"4":0,"5":2,"6":2,"7":1,"8":1,"9":1,"10":1,"11":1,"12":1,"13":0,"14":1,"15":2,"16":0,"17":0,"18":1,"19":0,"20":1,"21":1,"22":0,"23":1,"24":0,"25":0,"26":0,"27":0,"28":2,"29":0,"30":0,"31":0,"32":0,"33":0,"34":0,"35":0,"36":2,"37":1,"38":1},"f":{"0":2},"b":{"0":[0,2],"1":[2,2],"2":[0,0],"3":[0,0],"4":[1,1],"5":[0,1],"6":[1,1],"7":[0,1],"8":[1,1],"9":[0,2],"10":[0,1],"11":[0,1],"12":[1,1],"13":[0,0],"14":[0,0],"15":[0,2],"16":[0,0],"17":[0,0],"18":[0,0]},"meta":{"lastBranch":19,"lastFunction":1,"lastStatement":39,"seen":{"s:9:6:9:Infinity":0,"f:10:22:10:27":0,"s:11:2:169:Infinity":1,"s:12:28:12:Infinity":2,"b:14:4:22:Infinity:undefined:undefined:undefined:undefined":0,"s:14:4:22:Infinity":3,"b:14:8:14:19:14:19:14:25":1,"s:15:6:21:Infinity":4,"b:17:28:17:52:17:52:17:Infinity":2,"b:18:22:18:42:18:42:18:Infinity":3,"s:25:28:25:Infinity":5,"b:26:4:35:Infinity:undefined:undefined:undefined:undefined":4,"s:26:4:35:Infinity":6,"s:27:6:27:Infinity":7,"s:28:6:34:Infinity":8,"s:39:6:39:Infinity":9,"s:40:24:43:Infinity":10,"s:46:45:51:Infinity":11,"b:53:4:61:Infinity:undefined:undefined:undefined:undefined":5,"s:53:4:61:Infinity":12,"b:53:8:53:21:53:21:53:28":6,"s:54:6:60:Infinity":13,"s:65:6:67:Infinity":14,"b:66:10:66:Infinity:67:10:67:Infinity":7,"b:65:6:65:37:65:37:65:Infinity":8,"b:69:4:77:Infinity:undefined:undefined:undefined:undefined":9,"s:69:4:77:Infinity":15,"s:71:6:71:Infinity":16,"s:73:6:76:Infinity":17,"b:80:4:88:Infinity:undefined:undefined:undefined:undefined":10,"s:80:4:88:Infinity":18,"s:81:6:87:Infinity":19,"s:92:6:92:Infinity":20,"b:94:4:99:Infinity:undefined:undefined:undefined:undefined":11,"s:94:4:99:Infinity":21,"b:94:8:94:21:94:21:94:45":12,"s:95:6:98:Infinity":22,"s:104:6:107:Infinity":23,"b:109:4:117:Infinity:undefined:undefined:undefined:undefined":13,"s:109:4:117:Infinity":24,"b:109:8:109:21:109:21:109:32":14,"s:110:6:116:Infinity":25,"s:120:21:120:Infinity":26,"s:121:22:121:Infinity":27,"b:123:4:131:Infinity:undefined:undefined:undefined:undefined":15,"s:123:4:131:Infinity":28,"s:124:6:130:Infinity":29,"s:134:6:137:Infinity":30,"b:139:4:148:Infinity:undefined:undefined:undefined:undefined":16,"s:139:4:148:Infinity":31,"b:139:8:139:23:139:23:139:42":17,"s:140:6:140:Infinity":32,"s:141:6:147:Infinity":33,"s:150:20:150:Infinity":34,"s:151:10:153:Infinity":35,"b:151:10:153:18:153:18:153:Infinity":18,"s:155:4:159:Infinity":36,"s:161:4:161:Infinity":37,"s:162:4:168:Infinity":38},"fnNames":{}}}
,"C:\\Users\\VAN WOODROE\\Documents\\ScholarMe\\app\\api\\auth\\register-card\\route.ts": {"path":"C:\\Users\\VAN WOODROE\\Documents\\ScholarMe\\app\\api\\auth\\register-card\\route.ts","statementMap":{"0":{"start":{"line":8,"column":2},"end":{"line":124,"column":null}},"1":{"start":{"line":9,"column":50},"end":{"line":9,"column":null}},"2":{"start":{"line":12,"column":4},"end":{"line":20,"column":null}},"3":{"start":{"line":13,"column":6},"end":{"line":19,"column":null}},"4":{"start":{"line":22,"column":4},"end":{"line":30,"column":null}},"5":{"start":{"line":23,"column":6},"end":{"line":29,"column":null}},"6":{"start":{"line":32,"column":21},"end":{"line":32,"column":null}},"7":{"start":{"line":38,"column":8},"end":{"line":38,"column":null}},"8":{"start":{"line":39,"column":4},"end":{"line":44,"column":null}},"9":{"start":{"line":40,"column":6},"end":{"line":43,"column":null}},"10":{"start":{"line":47,"column":51},"end":{"line":51,"column":null}},"11":{"start":{"line":53,"column":21},"end":{"line":56,"column":null}},"12":{"start":{"line":57,"column":10},"end":{"line":57,"column":null}},"13":{"start":{"line":59,"column":4},"end":{"line":64,"column":null}},"14":{"start":{"line":60,"column":6},"end":{"line":63,"column":null}},"15":{"start":{"line":67,"column":35},"end":{"line":71,"column":null}},"16":{"start":{"line":73,"column":4},"end":{"line":81,"column":null}},"17":{"start":{"line":74,"column":6},"end":{"line":80,"column":null}},"18":{"start":{"line":84,"column":17},"end":{"line":84,"column":null}},"19":{"start":{"line":85,"column":22},"end":{"line":85,"column":null}},"20":{"start":{"line":88,"column":50},"end":{"line":97,"column":null}},"21":{"start":{"line":99,"column":4},"end":{"line":107,"column":null}},"22":{"start":{"line":100,"column":6},"end":{"line":106,"column":null}},"23":{"start":{"line":109,"column":4},"end":{"line":115,"column":null}},"24":{"start":{"line":117,"column":4},"end":{"line":123,"column":null}}},"fnMap":{"0":{"name":"POST","decl":{"start":{"line":7,"column":22},"end":{"line":7,"column":27}},"loc":{"start":{"line":7,"column":45},"end":{"line":125,"column":null}},"line":7}},"branchMap":{"0":{"loc":{"start":{"line":12,"column":4},"end":{"line":20,"column":null}},"type":"if","locations":[{"start":{"line":12,"column":4},"end":{"line":20,"column":null}},{"start":{},"end":{}}],"line":12},"1":{"loc":{"start":{"line":12,"column":8},"end":{"line":12,"column":26}},"type":"binary-expr","locations":[{"start":{"line":12,"column":8},"end":{"line":12,"column":20}},{"start":{"line":12,"column":20},"end":{"line":12,"column":26}}],"line":12},"2":{"loc":{"start":{"line":15,"column":19},"end":{"line":15,"column":null}},"type":"cond-expr","locations":[{"start":{"line":15,"column":30},"end":{"line":15,"column":54}},{"start":{"line":15,"column":54},"end":{"line":15,"column":null}}],"line":15},"3":{"loc":{"start":{"line":16,"column":15},"end":{"line":16,"column":null}},"type":"cond-expr","locations":[{"start":{"line":16,"column":22},"end":{"line":16,"column":42}},{"start":{"line":16,"column":42},"end":{"line":16,"column":null}}],"line":16},"4":{"loc":{"start":{"line":22,"column":4},"end":{"line":30,"column":null}},"type":"if","locations":[{"start":{"line":22,"column":4},"end":{"line":30,"column":null}},{"start":{},"end":{}}],"line":22},"5":{"loc":{"start":{"line":39,"column":4},"end":{"line":44,"column":null}},"type":"if","locations":[{"start":{"line":39,"column":4},"end":{"line":44,"column":null}},{"start":{},"end":{}}],"line":39},"6":{"loc":{"start":{"line":39,"column":8},"end":{"line":39,"column":28}},"type":"binary-expr","locations":[{"start":{"line":39,"column":8},"end":{"line":39,"column":21}},{"start":{"line":39,"column":21},"end":{"line":39,"column":28}}],"line":39},"7":{"loc":{"start":{"line":53,"column":21},"end":{"line":56,"column":null}},"type":"cond-expr","locations":[{"start":{"line":54,"column":8},"end":{"line":54,"column":null}},{"start":{"line":56,"column":9},"end":{"line":56,"column":null}}],"line":53},"8":{"loc":{"start":{"line":59,"column":4},"end":{"line":64,"column":null}},"type":"if","locations":[{"start":{"line":59,"column":4},"end":{"line":64,"column":null}},{"start":{},"end":{}}],"line":59},"9":{"loc":{"start":{"line":59,"column":8},"end":{"line":59,"column":46}},"type":"binary-expr","locations":[{"start":{"line":59,"column":8},"end":{"line":59,"column":24}},{"start":{"line":59,"column":24},"end":{"line":59,"column":36}},{"start":{"line":59,"column":36},"end":{"line":59,"column":46}}],"line":59},"10":{"loc":{"start":{"line":73,"column":4},"end":{"line":81,"column":null}},"type":"if","locations":[{"start":{"line":73,"column":4},"end":{"line":81,"column":null}},{"start":{},"end":{}}],"line":73},"11":{"loc":{"start":{"line":93,"column":21},"end":{"line":93,"column":null}},"type":"binary-expr","locations":[{"start":{"line":93,"column":21},"end":{"line":93,"column":44}},{"start":{"line":93,"column":44},"end":{"line":93,"column":null}}],"line":93},"12":{"loc":{"start":{"line":99,"column":4},"end":{"line":107,"column":null}},"type":"if","locations":[{"start":{"line":99,"column":4},"end":{"line":107,"column":null}},{"start":{},"end":{}}],"line":99}},"s":{"0":2,"1":2,"2":2,"3":0,"4":2,"5":0,"6":2,"7":2,"8":2,"9":0,"10":2,"11":2,"12":2,"13":2,"14":0,"15":1,"16":1,"17":0,"18":1,"19":1,"20":1,"21":1,"22":0,"23":1,"24":1},"f":{"0":2},"b":{"0":[0,2],"1":[2,2],"2":[0,0],"3":[0,0],"4":[0,2],"5":[0,2],"6":[2,2],"7":[0,1],"8":[0,2],"9":[2,1,1],"10":[0,1],"11":[1,1],"12":[0,1]},"meta":{"lastBranch":13,"lastFunction":1,"lastStatement":25,"seen":{"f:7:22:7:27":0,"s:8:2:124:Infinity":0,"s:9:50:9:Infinity":1,"b:12:4:20:Infinity:undefined:undefined:undefined:undefined":0,"s:12:4:20:Infinity":2,"b:12:8:12:20:12:20:12:26":1,"s:13:6:19:Infinity":3,"b:15:30:15:54:15:54:15:Infinity":2,"b:16:22:16:42:16:42:16:Infinity":3,"b:22:4:30:Infinity:undefined:undefined:undefined:undefined":4,"s:22:4:30:Infinity":4,"s:23:6:29:Infinity":5,"s:32:21:32:Infinity":6,"s:38:8:38:Infinity":7,"b:39:4:44:Infinity:undefined:undefined:undefined:undefined":5,"s:39:4:44:Infinity":8,"b:39:8:39:21:39:21:39:28":6,"s:40:6:43:Infinity":9,"s:47:51:51:Infinity":10,"s:53:21:56:Infinity":11,"b:54:8:54:Infinity:56:9:56:Infinity":7,"s:57:10:57:Infinity":12,"b:59:4:64:Infinity:undefined:undefined:undefined:undefined":8,"s:59:4:64:Infinity":13,"b:59:8:59:24:59:24:59:36:59:36:59:46":9,"s:60:6:63:Infinity":14,"s:67:35:71:Infinity":15,"b:73:4:81:Infinity:undefined:undefined:undefined:undefined":10,"s:73:4:81:Infinity":16,"s:74:6:80:Infinity":17,"s:84:17:84:Infinity":18,"s:85:22:85:Infinity":19,"s:88:50:97:Infinity":20,"b:93:21:93:44:93:44:93:Infinity":11,"b:99:4:107:Infinity:undefined:undefined:undefined:undefined":12,"s:99:4:107:Infinity":21,"s:100:6:106:Infinity":22,"s:109:4:115:Infinity":23,"s:117:4:123:Infinity":24},"fnNames":{}}}
,"C:\\Users\\VAN WOODROE\\Documents\\ScholarMe\\app\\api\\cron\\timesheets\\route.ts": {"path":"C:\\Users\\VAN WOODROE\\Documents\\ScholarMe\\app\\api\\cron\\timesheets\\route.ts","statementMap":{"0":{"start":{"line":5,"column":2},"end":{"line":8,"column":null}},"1":{"start":{"line":13,"column":21},"end":{"line":13,"column":null}},"2":{"start":{"line":14,"column":21},"end":{"line":14,"column":null}},"3":{"start":{"line":16,"column":2},"end":{"line":18,"column":null}},"4":{"start":{"line":17,"column":4},"end":{"line":17,"column":null}},"5":{"start":{"line":20,"column":19},"end":{"line":20,"column":null}},"6":{"start":{"line":22,"column":2},"end":{"line":73,"column":null}},"7":{"start":{"line":27,"column":44},"end":{"line":30,"column":null}},"8":{"start":{"line":32,"column":4},"end":{"line":34,"column":null}},"9":{"start":{"line":33,"column":6},"end":{"line":33,"column":null}},"10":{"start":{"line":36,"column":4},"end":{"line":42,"column":null}},"11":{"start":{"line":37,"column":6},"end":{"line":41,"column":null}},"12":{"start":{"line":44,"column":25},"end":{"line":44,"column":null}},"13":{"start":{"line":44,"column":51},"end":{"line":44,"column":55}},"14":{"start":{"line":47,"column":35},"end":{"line":50,"column":null}},"15":{"start":{"line":52,"column":4},"end":{"line":54,"column":null}},"16":{"start":{"line":53,"column":6},"end":{"line":53,"column":null}},"17":{"start":{"line":56,"column":4},"end":{"line":60,"column":null}},"18":{"start":{"line":62,"column":4},"end":{"line":65,"column":null}},"19":{"start":{"line":66,"column":4},"end":{"line":72,"column":null}}},"fnMap":{"0":{"name":"getAdminSupabase","decl":{"start":{"line":4,"column":9},"end":{"line":4,"column":28}},"loc":{"start":{"line":4,"column":28},"end":{"line":9,"column":null}},"line":4},"1":{"name":"GET","decl":{"start":{"line":11,"column":22},"end":{"line":11,"column":26}},"loc":{"start":{"line":11,"column":44},"end":{"line":74,"column":null}},"line":11},"2":{"name":"(anonymous_2)","decl":{"start":{"line":44,"column":40},"end":{"line":44,"column":45}},"loc":{"start":{"line":44,"column":51},"end":{"line":44,"column":55}},"line":44}},"branchMap":{"0":{"loc":{"start":{"line":16,"column":2},"end":{"line":18,"column":null}},"type":"if","locations":[{"start":{"line":16,"column":2},"end":{"line":18,"column":null}},{"start":{},"end":{}}],"line":16},"1":{"loc":{"start":{"line":16,"column":6},"end":{"line":16,"column":59}},"type":"binary-expr","locations":[{"start":{"line":16,"column":6},"end":{"line":16,"column":20}},{"start":{"line":16,"column":20},"end":{"line":16,"column":59}}],"line":16},"2":{"loc":{"start":{"line":32,"column":4},"end":{"line":34,"column":null}},"type":"if","locations":[{"start":{"line":32,"column":4},"end":{"line":34,"column":null}},{"start":{},"end":{}}],"line":32},"3":{"loc":{"start":{"line":36,"column":4},"end":{"line":42,"column":null}},"type":"if","locations":[{"start":{"line":36,"column":4},"end":{"line":42,"column":null}},{"start":{},"end":{}}],"line":36},"4":{"loc":{"start":{"line":36,"column":8},"end":{"line":36,"column":56}},"type":"binary-expr","locations":[{"start":{"line":36,"column":8},"end":{"line":36,"column":27}},{"start":{"line":36,"column":27},"end":{"line":36,"column":56}}],"line":36},"5":{"loc":{"start":{"line":52,"column":4},"end":{"line":54,"column":null}},"type":"if","locations":[{"start":{"line":52,"column":4},"end":{"line":54,"column":null}},{"start":{},"end":{}}],"line":52},"6":{"loc":{"start":{"line":64,"column":6},"end":{"line":64,"column":null}},"type":"cond-expr","locations":[{"start":{"line":64,"column":31},"end":{"line":64,"column":47}},{"start":{"line":64,"column":47},"end":{"line":64,"column":null}}],"line":64},"7":{"loc":{"start":{"line":69,"column":17},"end":{"line":69,"column":null}},"type":"cond-expr","locations":[{"start":{"line":69,"column":42},"end":{"line":69,"column":58}},{"start":{"line":69,"column":58},"end":{"line":69,"column":null}}],"line":69}},"s":{"0":1,"1":1,"2":1,"3":1,"4":0,"5":1,"6":1,"7":1,"8":1,"9":0,"10":1,"11":0,"12":1,"13":1,"14":1,"15":1,"16":0,"17":1,"18":0,"19":0},"f":{"0":1,"1":1,"2":1},"b":{"0":[0,1],"1":[1,0],"2":[0,1],"3":[0,1],"4":[1,1],"5":[0,1],"6":[0,0],"7":[0,0]},"meta":{"lastBranch":8,"lastFunction":3,"lastStatement":20,"seen":{"f:4:9:4:28":0,"s:5:2:8:Infinity":0,"f:11:22:11:26":1,"s:13:21:13:Infinity":1,"s:14:21:14:Infinity":2,"b:16:2:18:Infinity:undefined:undefined:undefined:undefined":0,"s:16:2:18:Infinity":3,"b:16:6:16:20:16:20:16:59":1,"s:17:4:17:Infinity":4,"s:20:19:20:Infinity":5,"s:22:2:73:Infinity":6,"s:27:44:30:Infinity":7,"b:32:4:34:Infinity:undefined:undefined:undefined:undefined":2,"s:32:4:34:Infinity":8,"s:33:6:33:Infinity":9,"b:36:4:42:Infinity:undefined:undefined:undefined:undefined":3,"s:36:4:42:Infinity":10,"b:36:8:36:27:36:27:36:56":4,"s:37:6:41:Infinity":11,"s:44:25:44:Infinity":12,"f:44:40:44:45":2,"s:44:51:44:55":13,"s:47:35:50:Infinity":14,"b:52:4:54:Infinity:undefined:undefined:undefined:undefined":5,"s:52:4:54:Infinity":15,"s:53:6:53:Infinity":16,"s:56:4:60:Infinity":17,"s:62:4:65:Infinity":18,"b:64:31:64:47:64:47:64:Infinity":6,"s:66:4:72:Infinity":19,"b:69:42:69:58:69:58:69:Infinity":7},"fnNames":{}}}
,"C:\\Users\\VAN WOODROE\\Documents\\ScholarMe\\app\\api\\rag\\search\\route.ts": {"path":"C:\\Users\\VAN WOODROE\\Documents\\ScholarMe\\app\\api\\rag\\search\\route.ts","statementMap":{"0":{"start":{"line":7,"column":2},"end":{"line":11,"column":null}},"1":{"start":{"line":15,"column":19},"end":{"line":15,"column":null}},"2":{"start":{"line":16,"column":14},"end":{"line":16,"column":null}},"3":{"start":{"line":17,"column":14},"end":{"line":17,"column":null}},"4":{"start":{"line":18,"column":2},"end":{"line":22,"column":null}},"5":{"start":{"line":18,"column":15},"end":{"line":18,"column":18}},"6":{"start":{"line":19,"column":4},"end":{"line":19,"column":null}},"7":{"start":{"line":20,"column":4},"end":{"line":20,"column":null}},"8":{"start":{"line":21,"column":4},"end":{"line":21,"column":null}},"9":{"start":{"line":23,"column":2},"end":{"line":23,"column":null}},"10":{"start":{"line":23,"column":34},"end":{"line":23,"column":null}},"11":{"start":{"line":24,"column":2},"end":{"line":24,"column":null}},"12":{"start":{"line":28,"column":2},"end":{"line":115,"column":null}},"13":{"start":{"line":29,"column":48},"end":{"line":29,"column":null}},"14":{"start":{"line":30,"column":10},"end":{"line":30,"column":null}},"15":{"start":{"line":32,"column":4},"end":{"line":37,"column":null}},"16":{"start":{"line":33,"column":6},"end":{"line":36,"column":null}},"17":{"start":{"line":39,"column":33},"end":{"line":39,"column":null}},"18":{"start":{"line":41,"column":4},"end":{"line":46,"column":null}},"19":{"start":{"line":42,"column":6},"end":{"line":45,"column":null}},"20":{"start":{"line":49,"column":15},"end":{"line":49,"column":null}},"21":{"start":{"line":50,"column":16},"end":{"line":53,"column":null}},"22":{"start":{"line":55,"column":27},"end":{"line":55,"column":null}},"23":{"start":{"line":56,"column":4},"end":{"line":58,"column":null}},"24":{"start":{"line":57,"column":6},"end":{"line":57,"column":null}},"25":{"start":{"line":61,"column":23},"end":{"line":61,"column":null}},"26":{"start":{"line":62,"column":42},"end":{"line":64,"column":null}},"27":{"start":{"line":66,"column":34},"end":{"line":66,"column":null}},"28":{"start":{"line":66,"column":66},"end":{"line":66,"column":70}},"29":{"start":{"line":68,"column":4},"end":{"line":70,"column":null}},"30":{"start":{"line":69,"column":6},"end":{"line":69,"column":null}},"31":{"start":{"line":74,"column":44},"end":{"line":77,"column":null}},"32":{"start":{"line":79,"column":4},"end":{"line":81,"column":null}},"33":{"start":{"line":80,"column":6},"end":{"line":80,"column":null}},"34":{"start":{"line":83,"column":4},"end":{"line":85,"column":null}},"35":{"start":{"line":84,"column":6},"end":{"line":84,"column":null}},"36":{"start":{"line":88,"column":25},"end":{"line":100,"column":null}},"37":{"start":{"line":90,"column":25},"end":{"line":90,"column":null}},"38":{"start":{"line":91,"column":6},"end":{"line":99,"column":null}},"39":{"start":{"line":103,"column":4},"end":{"line":103,"column":null}},"40":{"start":{"line":103,"column":32},"end":{"line":103,"column":59}},"41":{"start":{"line":106,"column":22},"end":{"line":108,"column":null}},"42":{"start":{"line":107,"column":21},"end":{"line":107,"column":39}},"43":{"start":{"line":110,"column":4},"end":{"line":110,"column":null}},"44":{"start":{"line":110,"column":60},"end":{"line":110,"column":69}},"45":{"start":{"line":112,"column":4},"end":{"line":112,"column":null}},"46":{"start":{"line":114,"column":4},"end":{"line":114,"column":null}}},"fnMap":{"0":{"name":"getEnv","decl":{"start":{"line":6,"column":9},"end":{"line":6,"column":18}},"loc":{"start":{"line":6,"column":18},"end":{"line":12,"column":null}},"line":6},"1":{"name":"cosineSimilarity","decl":{"start":{"line":14,"column":9},"end":{"line":14,"column":26}},"loc":{"start":{"line":14,"column":66},"end":{"line":25,"column":null}},"line":14},"2":{"name":"POST","decl":{"start":{"line":27,"column":22},"end":{"line":27,"column":27}},"loc":{"start":{"line":27,"column":41},"end":{"line":116,"column":null}},"line":27},"3":{"name":"(anonymous_3)","decl":{"start":{"line":66,"column":55},"end":{"line":66,"column":60}},"loc":{"start":{"line":66,"column":66},"end":{"line":66,"column":70}},"line":66},"4":{"name":"(anonymous_4)","decl":{"start":{"line":88,"column":40},"end":{"line":88,"column":45}},"loc":{"start":{"line":88,"column":62},"end":{"line":100,"column":5}},"line":88},"5":{"name":"(anonymous_5)","decl":{"start":{"line":103,"column":17},"end":{"line":103,"column":23}},"loc":{"start":{"line":103,"column":32},"end":{"line":103,"column":59}},"line":103},"6":{"name":"(anonymous_6)","decl":{"start":{"line":107,"column":7},"end":{"line":107,"column":15}},"loc":{"start":{"line":107,"column":21},"end":{"line":107,"column":39}},"line":107},"7":{"name":"(anonymous_7)","decl":{"start":{"line":110,"column":49},"end":{"line":110,"column":54}},"loc":{"start":{"line":110,"column":60},"end":{"line":110,"column":69}},"line":110}},"branchMap":{"0":{"loc":{"start":{"line":23,"column":2},"end":{"line":23,"column":null}},"type":"if","locations":[{"start":{"line":23,"column":2},"end":{"line":23,"column":null}},{"start":{},"end":{}}],"line":23},"1":{"loc":{"start":{"line":23,"column":6},"end":{"line":23,"column":34}},"type":"binary-expr","locations":[{"start":{"line":23,"column":6},"end":{"line":23,"column":21}},{"start":{"line":23,"column":21},"end":{"line":23,"column":34}}],"line":23},"2":{"loc":{"start":{"line":32,"column":4},"end":{"line":37,"column":null}},"type":"if","locations":[{"start":{"line":32,"column":4},"end":{"line":37,"column":null}},{"start":{},"end":{}}],"line":32},"3":{"loc":{"start":{"line":41,"column":4},"end":{"line":46,"column":null}},"type":"if","locations":[{"start":{"line":41,"column":4},"end":{"line":46,"column":null}},{"start":{},"end":{}}],"line":41},"4":{"loc":{"start":{"line":41,"column":8},"end":{"line":41,"column":30}},"type":"binary-expr","locations":[{"start":{"line":41,"column":8},"end":{"line":41,"column":18}},{"start":{"line":41,"column":18},"end":{"line":41,"column":30}}],"line":41},"5":{"loc":{"start":{"line":56,"column":4},"end":{"line":58,"column":null}},"type":"if","locations":[{"start":{"line":56,"column":4},"end":{"line":58,"column":null}},{"start":{},"end":{}}],"line":56},"6":{"loc":{"start":{"line":66,"column":34},"end":{"line":66,"column":null}},"type":"binary-expr","locations":[{"start":{"line":66,"column":34},"end":{"line":66,"column":75}},{"start":{"line":66,"column":75},"end":{"line":66,"column":null}}],"line":66},"7":{"loc":{"start":{"line":68,"column":4},"end":{"line":70,"column":null}},"type":"if","locations":[{"start":{"line":68,"column":4},"end":{"line":70,"column":null}},{"start":{},"end":{}}],"line":68},"8":{"loc":{"start":{"line":79,"column":4},"end":{"line":81,"column":null}},"type":"if","locations":[{"start":{"line":79,"column":4},"end":{"line":81,"column":null}},{"start":{},"end":{}}],"line":79},"9":{"loc":{"start":{"line":83,"column":4},"end":{"line":85,"column":null}},"type":"if","locations":[{"start":{"line":83,"column":4},"end":{"line":85,"column":null}},{"start":{},"end":{}}],"line":83},"10":{"loc":{"start":{"line":83,"column":8},"end":{"line":83,"column":56}},"type":"binary-expr","locations":[{"start":{"line":83,"column":8},"end":{"line":83,"column":27}},{"start":{"line":83,"column":27},"end":{"line":83,"column":56}}],"line":83},"11":{"loc":{"start":{"line":90,"column":58},"end":{"line":90,"column":77}},"type":"binary-expr","locations":[{"start":{"line":90,"column":58},"end":{"line":90,"column":75}},{"start":{"line":90,"column":75},"end":{"line":90,"column":77}}],"line":90}},"s":{"0":3,"1":2,"2":2,"3":2,"4":2,"5":2,"6":4,"7":4,"8":4,"9":2,"10":0,"11":2,"12":3,"13":3,"14":3,"15":3,"16":0,"17":3,"18":3,"19":0,"20":3,"21":3,"22":3,"23":3,"24":0,"25":3,"26":3,"27":3,"28":2,"29":3,"30":2,"31":1,"32":1,"33":0,"34":1,"35":0,"36":1,"37":2,"38":2,"39":1,"40":1,"41":1,"42":2,"43":1,"44":1,"45":0,"46":0},"f":{"0":3,"1":2,"2":3,"3":2,"4":2,"5":1,"6":2,"7":1},"b":{"0":[0,2],"1":[2,2],"2":[0,3],"3":[0,3],"4":[3,3],"5":[0,3],"6":[3,0],"7":[2,1],"8":[0,1],"9":[0,1],"10":[1,1],"11":[2,0]},"meta":{"lastBranch":12,"lastFunction":8,"lastStatement":47,"seen":{"f:6:9:6:18":0,"s:7:2:11:Infinity":0,"f:14:9:14:26":1,"s:15:19:15:Infinity":1,"s:16:14:16:Infinity":2,"s:17:14:17:Infinity":3,"s:18:2:22:Infinity":4,"s:18:15:18:18":5,"s:19:4:19:Infinity":6,"s:20:4:20:Infinity":7,"s:21:4:21:Infinity":8,"b:23:2:23:Infinity:undefined:undefined:undefined:undefined":0,"s:23:2:23:Infinity":9,"b:23:6:23:21:23:21:23:34":1,"s:23:34:23:Infinity":10,"s:24:2:24:Infinity":11,"f:27:22:27:27":2,"s:28:2:115:Infinity":12,"s:29:48:29:Infinity":13,"s:30:10:30:Infinity":14,"b:32:4:37:Infinity:undefined:undefined:undefined:undefined":2,"s:32:4:37:Infinity":15,"s:33:6:36:Infinity":16,"s:39:33:39:Infinity":17,"b:41:4:46:Infinity:undefined:undefined:undefined:undefined":3,"s:41:4:46:Infinity":18,"b:41:8:41:18:41:18:41:30":4,"s:42:6:45:Infinity":19,"s:49:15:49:Infinity":20,"s:50:16:53:Infinity":21,"s:55:27:55:Infinity":22,"b:56:4:58:Infinity:undefined:undefined:undefined:undefined":5,"s:56:4:58:Infinity":23,"s:57:6:57:Infinity":24,"s:61:23:61:Infinity":25,"s:62:42:64:Infinity":26,"s:66:34:66:Infinity":27,"b:66:34:66:75:66:75:66:Infinity":6,"f:66:55:66:60":3,"s:66:66:66:70":28,"b:68:4:70:Infinity:undefined:undefined:undefined:undefined":7,"s:68:4:70:Infinity":29,"s:69:6:69:Infinity":30,"s:74:44:77:Infinity":31,"b:79:4:81:Infinity:undefined:undefined:undefined:undefined":8,"s:79:4:81:Infinity":32,"s:80:6:80:Infinity":33,"b:83:4:85:Infinity:undefined:undefined:undefined:undefined":9,"s:83:4:85:Infinity":34,"b:83:8:83:27:83:27:83:56":10,"s:84:6:84:Infinity":35,"s:88:25:100:Infinity":36,"f:88:40:88:45":4,"s:90:25:90:Infinity":37,"b:90:58:90:75:90:75:90:77":11,"s:91:6:99:Infinity":38,"s:103:4:103:Infinity":39,"f:103:17:103:23":5,"s:103:32:103:59":40,"s:106:22:108:Infinity":41,"f:107:7:107:15":6,"s:107:21:107:39":42,"s:110:4:110:Infinity":43,"f:110:49:110:54":7,"s:110:60:110:69":44,"s:112:4:112:Infinity":45,"s:114:4:114:Infinity":46},"fnNames":{}}}
,"C:\\Users\\VAN WOODROE\\Documents\\ScholarMe\\app\\api\\sessions\\[id]\\join\\route.ts": {"path":"C:\\Users\\VAN WOODROE\\Documents\\ScholarMe\\app\\api\\sessions\\[id]\\join\\route.ts","statementMap":{"0":{"start":{"line":8,"column":17},"end":{"line":8,"column":null}},"1":{"start":{"line":9,"column":19},"end":{"line":9,"column":null}},"2":{"start":{"line":12,"column":6},"end":{"line":12,"column":null}},"3":{"start":{"line":14,"column":2},"end":{"line":16,"column":null}},"4":{"start":{"line":15,"column":4},"end":{"line":15,"column":null}},"5":{"start":{"line":18,"column":49},"end":{"line":22,"column":null}},"6":{"start":{"line":24,"column":2},"end":{"line":26,"column":null}},"7":{"start":{"line":25,"column":4},"end":{"line":25,"column":null}},"8":{"start":{"line":28,"column":2},"end":{"line":33,"column":null}},"9":{"start":{"line":29,"column":4},"end":{"line":32,"column":null}},"10":{"start":{"line":35,"column":2},"end":{"line":40,"column":null}},"11":{"start":{"line":36,"column":4},"end":{"line":39,"column":null}},"12":{"start":{"line":42,"column":2},"end":{"line":47,"column":null}},"13":{"start":{"line":43,"column":4},"end":{"line":46,"column":null}},"14":{"start":{"line":49,"column":38},"end":{"line":53,"column":null}},"15":{"start":{"line":55,"column":2},"end":{"line":57,"column":null}},"16":{"start":{"line":56,"column":4},"end":{"line":56,"column":null}},"17":{"start":{"line":59,"column":29},"end":{"line":64,"column":null}},"18":{"start":{"line":66,"column":2},"end":{"line":71,"column":null}},"19":{"start":{"line":67,"column":4},"end":{"line":70,"column":null}},"20":{"start":{"line":73,"column":33},"end":{"line":79,"column":null}},"21":{"start":{"line":81,"column":2},"end":{"line":83,"column":null}},"22":{"start":{"line":82,"column":4},"end":{"line":82,"column":null}},"23":{"start":{"line":85,"column":2},"end":{"line":85,"column":null}},"24":{"start":{"line":92,"column":17},"end":{"line":92,"column":null}},"25":{"start":{"line":93,"column":19},"end":{"line":93,"column":null}},"26":{"start":{"line":96,"column":6},"end":{"line":96,"column":null}},"27":{"start":{"line":98,"column":2},"end":{"line":100,"column":null}},"28":{"start":{"line":99,"column":4},"end":{"line":99,"column":null}},"29":{"start":{"line":103,"column":33},"end":{"line":107,"column":null}},"30":{"start":{"line":109,"column":2},"end":{"line":111,"column":null}},"31":{"start":{"line":110,"column":4},"end":{"line":110,"column":null}},"32":{"start":{"line":114,"column":29},"end":{"line":121,"column":null}},"33":{"start":{"line":123,"column":2},"end":{"line":138,"column":null}},"34":{"start":{"line":125,"column":4},"end":{"line":129,"column":null}},"35":{"start":{"line":132,"column":4},"end":{"line":135,"column":null}},"36":{"start":{"line":140,"column":2},"end":{"line":140,"column":null}}},"fnMap":{"0":{"name":"POST","decl":{"start":{"line":4,"column":22},"end":{"line":4,"column":null}},"loc":{"start":{"line":7,"column":2},"end":{"line":86,"column":null}},"line":7},"1":{"name":"DELETE","decl":{"start":{"line":88,"column":22},"end":{"line":88,"column":null}},"loc":{"start":{"line":91,"column":2},"end":{"line":141,"column":null}},"line":91}},"branchMap":{"0":{"loc":{"start":{"line":14,"column":2},"end":{"line":16,"column":null}},"type":"if","locations":[{"start":{"line":14,"column":2},"end":{"line":16,"column":null}},{"start":{},"end":{}}],"line":14},"1":{"loc":{"start":{"line":24,"column":2},"end":{"line":26,"column":null}},"type":"if","locations":[{"start":{"line":24,"column":2},"end":{"line":26,"column":null}},{"start":{},"end":{}}],"line":24},"2":{"loc":{"start":{"line":24,"column":6},"end":{"line":24,"column":32}},"type":"binary-expr","locations":[{"start":{"line":24,"column":6},"end":{"line":24,"column":22}},{"start":{"line":24,"column":22},"end":{"line":24,"column":32}}],"line":24},"3":{"loc":{"start":{"line":28,"column":2},"end":{"line":33,"column":null}},"type":"if","locations":[{"start":{"line":28,"column":2},"end":{"line":33,"column":null}},{"start":{},"end":{}}],"line":28},"4":{"loc":{"start":{"line":35,"column":2},"end":{"line":40,"column":null}},"type":"if","locations":[{"start":{"line":35,"column":2},"end":{"line":40,"column":null}},{"start":{},"end":{}}],"line":35},"5":{"loc":{"start":{"line":42,"column":2},"end":{"line":47,"column":null}},"type":"if","locations":[{"start":{"line":42,"column":2},"end":{"line":47,"column":null}},{"start":{},"end":{}}],"line":42},"6":{"loc":{"start":{"line":55,"column":2},"end":{"line":57,"column":null}},"type":"if","locations":[{"start":{"line":55,"column":2},"end":{"line":57,"column":null}},{"start":{},"end":{}}],"line":55},"7":{"loc":{"start":{"line":55,"column":7},"end":{"line":55,"column":33}},"type":"binary-expr","locations":[{"start":{"line":55,"column":7},"end":{"line":55,"column":27}},{"start":{"line":55,"column":27},"end":{"line":55,"column":33}}],"line":55},"8":{"loc":{"start":{"line":66,"column":2},"end":{"line":71,"column":null}},"type":"if","locations":[{"start":{"line":66,"column":2},"end":{"line":71,"column":null}},{"start":{},"end":{}}],"line":66},"9":{"loc":{"start":{"line":81,"column":2},"end":{"line":83,"column":null}},"type":"if","locations":[{"start":{"line":81,"column":2},"end":{"line":83,"column":null}},{"start":{},"end":{}}],"line":81},"10":{"loc":{"start":{"line":98,"column":2},"end":{"line":100,"column":null}},"type":"if","locations":[{"start":{"line":98,"column":2},"end":{"line":100,"column":null}},{"start":{},"end":{}}],"line":98},"11":{"loc":{"start":{"line":109,"column":2},"end":{"line":111,"column":null}},"type":"if","locations":[{"start":{"line":109,"column":2},"end":{"line":111,"column":null}},{"start":{},"end":{}}],"line":109},"12":{"loc":{"start":{"line":123,"column":2},"end":{"line":138,"column":null}},"type":"if","locations":[{"start":{"line":123,"column":2},"end":{"line":138,"column":null}},{"start":{},"end":{}}],"line":123}},"s":{"0":3,"1":3,"2":3,"3":3,"4":0,"5":3,"6":3,"7":0,"8":3,"9":1,"10":2,"11":0,"12":2,"13":0,"14":2,"15":2,"16":1,"17":1,"18":1,"19":0,"20":1,"21":1,"22":0,"23":1,"24":0,"25":0,"26":0,"27":0,"28":0,"29":0,"30":0,"31":0,"32":0,"33":0,"34":0,"35":0,"36":0},"f":{"0":3,"1":0},"b":{"0":[0,3],"1":[0,3],"2":[3,3],"3":[1,2],"4":[0,2],"5":[0,2],"6":[1,1],"7":[2,0],"8":[0,1],"9":[0,1],"10":[0,0],"11":[0,0],"12":[0,0]},"meta":{"lastBranch":13,"lastFunction":2,"lastStatement":37,"seen":{"f:4:22:4:Infinity":0,"s:8:17:8:Infinity":0,"s:9:19:9:Infinity":1,"s:12:6:12:Infinity":2,"b:14:2:16:Infinity:undefined:undefined:undefined:undefined":0,"s:14:2:16:Infinity":3,"s:15:4:15:Infinity":4,"s:18:49:22:Infinity":5,"b:24:2:26:Infinity:undefined:undefined:undefined:undefined":1,"s:24:2:26:Infinity":6,"b:24:6:24:22:24:22:24:32":2,"s:25:4:25:Infinity":7,"b:28:2:33:Infinity:undefined:undefined:undefined:undefined":3,"s:28:2:33:Infinity":8,"s:29:4:32:Infinity":9,"b:35:2:40:Infinity:undefined:undefined:undefined:undefined":4,"s:35:2:40:Infinity":10,"s:36:4:39:Infinity":11,"b:42:2:47:Infinity:undefined:undefined:undefined:undefined":5,"s:42:2:47:Infinity":12,"s:43:4:46:Infinity":13,"s:49:38:53:Infinity":14,"b:55:2:57:Infinity:undefined:undefined:undefined:undefined":6,"s:55:2:57:Infinity":15,"b:55:7:55:27:55:27:55:33":7,"s:56:4:56:Infinity":16,"s:59:29:64:Infinity":17,"b:66:2:71:Infinity:undefined:undefined:undefined:undefined":8,"s:66:2:71:Infinity":18,"s:67:4:70:Infinity":19,"s:73:33:79:Infinity":20,"b:81:2:83:Infinity:undefined:undefined:undefined:undefined":9,"s:81:2:83:Infinity":21,"s:82:4:82:Infinity":22,"s:85:2:85:Infinity":23,"f:88:22:88:Infinity":1,"s:92:17:92:Infinity":24,"s:93:19:93:Infinity":25,"s:96:6:96:Infinity":26,"b:98:2:100:Infinity:undefined:undefined:undefined:undefined":10,"s:98:2:100:Infinity":27,"s:99:4:99:Infinity":28,"s:103:33:107:Infinity":29,"b:109:2:111:Infinity:undefined:undefined:undefined:undefined":11,"s:109:2:111:Infinity":30,"s:110:4:110:Infinity":31,"s:114:29:121:Infinity":32,"b:123:2:138:Infinity:undefined:undefined:undefined:undefined":12,"s:123:2:138:Infinity":33,"s:125:4:129:Infinity":34,"s:132:4:135:Infinity":35,"s:140:2:140:Infinity":36},"fnNames":{}}}
,"C:\\Users\\VAN WOODROE\\Documents\\ScholarMe\\app\\api\\timesheets\\route.ts": {"path":"C:\\Users\\VAN WOODROE\\Documents\\ScholarMe\\app\\api\\timesheets\\route.ts","statementMap":{"0":{"start":{"line":8,"column":2},"end":{"line":25,"column":null}},"1":{"start":{"line":9,"column":28},"end":{"line":13,"column":null}},"2":{"start":{"line":14,"column":4},"end":{"line":20,"column":null}},"3":{"start":{"line":15,"column":6},"end":{"line":18,"column":null}},"4":{"start":{"line":19,"column":6},"end":{"line":19,"column":null}},"5":{"start":{"line":21,"column":4},"end":{"line":21,"column":null}},"6":{"start":{"line":23,"column":4},"end":{"line":23,"column":null}},"7":{"start":{"line":24,"column":4},"end":{"line":24,"column":null}},"8":{"start":{"line":29,"column":19},"end":{"line":29,"column":null}},"9":{"start":{"line":32,"column":6},"end":{"line":32,"column":null}},"10":{"start":{"line":33,"column":2},"end":{"line":34,"column":null}},"11":{"start":{"line":34,"column":4},"end":{"line":34,"column":null}},"12":{"start":{"line":36,"column":17},"end":{"line":36,"column":null}},"13":{"start":{"line":37,"column":2},"end":{"line":40,"column":null}},"14":{"start":{"line":39,"column":4},"end":{"line":39,"column":null}},"15":{"start":{"line":42,"column":26},"end":{"line":48,"column":null}},"16":{"start":{"line":50,"column":2},"end":{"line":51,"column":null}},"17":{"start":{"line":51,"column":4},"end":{"line":51,"column":null}},"18":{"start":{"line":52,"column":2},"end":{"line":52,"column":null}},"19":{"start":{"line":56,"column":19},"end":{"line":56,"column":null}},"20":{"start":{"line":59,"column":6},"end":{"line":59,"column":null}},"21":{"start":{"line":60,"column":2},"end":{"line":61,"column":null}},"22":{"start":{"line":61,"column":4},"end":{"line":61,"column":null}},"23":{"start":{"line":63,"column":17},"end":{"line":63,"column":null}},"24":{"start":{"line":64,"column":2},"end":{"line":72,"column":null}},"25":{"start":{"line":65,"column":4},"end":{"line":71,"column":null}},"26":{"start":{"line":74,"column":50},"end":{"line":74,"column":null}},"27":{"start":{"line":76,"column":18},"end":{"line":76,"column":null}},"28":{"start":{"line":77,"column":2},"end":{"line":79,"column":null}},"29":{"start":{"line":78,"column":4},"end":{"line":78,"column":null}},"30":{"start":{"line":80,"column":16},"end":{"line":80,"column":null}},"31":{"start":{"line":82,"column":14},"end":{"line":82,"column":null}},"32":{"start":{"line":83,"column":18},"end":{"line":83,"column":null}},"33":{"start":{"line":84,"column":20},"end":{"line":84,"column":null}},"34":{"start":{"line":85,"column":18},"end":{"line":85,"column":null}},"35":{"start":{"line":87,"column":2},"end":{"line":148,"column":null}},"36":{"start":{"line":89,"column":4},"end":{"line":97,"column":null}},"37":{"start":{"line":90,"column":6},"end":{"line":96,"column":null}},"38":{"start":{"line":100,"column":27},"end":{"line":105,"column":null}},"39":{"start":{"line":107,"column":4},"end":{"line":111,"column":null}},"40":{"start":{"line":108,"column":6},"end":{"line":111,"column":null}},"41":{"start":{"line":113,"column":28},"end":{"line":126,"column":null}},"42":{"start":{"line":128,"column":4},"end":{"line":129,"column":null}},"43":{"start":{"line":129,"column":6},"end":{"line":129,"column":null}},"44":{"start":{"line":132,"column":34},"end":{"line":136,"column":null}},"45":{"start":{"line":138,"column":4},"end":{"line":145,"column":null}},"46":{"start":{"line":140,"column":6},"end":{"line":140,"column":null}},"47":{"start":{"line":141,"column":6},"end":{"line":144,"column":null}},"48":{"start":{"line":147,"column":4},"end":{"line":147,"column":null}},"49":{"start":{"line":150,"column":2},"end":{"line":171,"column":null}},"50":{"start":{"line":151,"column":27},"end":{"line":156,"column":null}},"51":{"start":{"line":158,"column":4},"end":{"line":159,"column":null}},"52":{"start":{"line":159,"column":6},"end":{"line":159,"column":null}},"53":{"start":{"line":161,"column":28},"end":{"line":166,"column":null}},"54":{"start":{"line":168,"column":4},"end":{"line":169,"column":null}},"55":{"start":{"line":169,"column":6},"end":{"line":169,"column":null}},"56":{"start":{"line":170,"column":4},"end":{"line":170,"column":null}},"57":{"start":{"line":173,"column":2},"end":{"line":173,"column":null}}},"fnMap":{"0":{"name":"getActivePeriod","decl":{"start":{"line":7,"column":15},"end":{"line":7,"column":31}},"loc":{"start":{"line":7,"column":57},"end":{"line":26,"column":null}},"line":7},"1":{"name":"GET","decl":{"start":{"line":28,"column":22},"end":{"line":28,"column":28}},"loc":{"start":{"line":28,"column":28},"end":{"line":53,"column":null}},"line":28},"2":{"name":"POST","decl":{"start":{"line":55,"column":22},"end":{"line":55,"column":27}},"loc":{"start":{"line":55,"column":41},"end":{"line":174,"column":null}},"line":55}},"branchMap":{"0":{"loc":{"start":{"line":14,"column":4},"end":{"line":20,"column":null}},"type":"if","locations":[{"start":{"line":14,"column":4},"end":{"line":20,"column":null}},{"start":{},"end":{}}],"line":14},"1":{"loc":{"start":{"line":21,"column":11},"end":{"line":21,"column":null}},"type":"binary-expr","locations":[{"start":{"line":21,"column":11},"end":{"line":21,"column":19}},{"start":{"line":21,"column":19},"end":{"line":21,"column":null}}],"line":21},"2":{"loc":{"start":{"line":33,"column":2},"end":{"line":34,"column":null}},"type":"if","locations":[{"start":{"line":33,"column":2},"end":{"line":34,"column":null}},{"start":{},"end":{}}],"line":33},"3":{"loc":{"start":{"line":37,"column":2},"end":{"line":40,"column":null}},"type":"if","locations":[{"start":{"line":37,"column":2},"end":{"line":40,"column":null}},{"start":{},"end":{}}],"line":37},"4":{"loc":{"start":{"line":37,"column":6},"end":{"line":37,"column":57}},"type":"binary-expr","locations":[{"start":{"line":37,"column":6},"end":{"line":37,"column":17}},{"start":{"line":37,"column":17},"end":{"line":37,"column":39}},{"start":{"line":37,"column":39},"end":{"line":37,"column":57}}],"line":37},"5":{"loc":{"start":{"line":50,"column":2},"end":{"line":51,"column":null}},"type":"if","locations":[{"start":{"line":50,"column":2},"end":{"line":51,"column":null}},{"start":{},"end":{}}],"line":50},"6":{"loc":{"start":{"line":60,"column":2},"end":{"line":61,"column":null}},"type":"if","locations":[{"start":{"line":60,"column":2},"end":{"line":61,"column":null}},{"start":{},"end":{}}],"line":60},"7":{"loc":{"start":{"line":64,"column":2},"end":{"line":72,"column":null}},"type":"if","locations":[{"start":{"line":64,"column":2},"end":{"line":72,"column":null}},{"start":{},"end":{}}],"line":64},"8":{"loc":{"start":{"line":64,"column":6},"end":{"line":64,"column":57}},"type":"binary-expr","locations":[{"start":{"line":64,"column":6},"end":{"line":64,"column":17}},{"start":{"line":64,"column":17},"end":{"line":64,"column":39}},{"start":{"line":64,"column":39},"end":{"line":64,"column":57}}],"line":64},"9":{"loc":{"start":{"line":77,"column":2},"end":{"line":79,"column":null}},"type":"if","locations":[{"start":{"line":77,"column":2},"end":{"line":79,"column":null}},{"start":{},"end":{}}],"line":77},"10":{"loc":{"start":{"line":87,"column":2},"end":{"line":148,"column":null}},"type":"if","locations":[{"start":{"line":87,"column":2},"end":{"line":148,"column":null}},{"start":{},"end":{}}],"line":87},"11":{"loc":{"start":{"line":89,"column":4},"end":{"line":97,"column":null}},"type":"if","locations":[{"start":{"line":89,"column":4},"end":{"line":97,"column":null}},{"start":{},"end":{}}],"line":89},"12":{"loc":{"start"
[...]
ull}},"36":{"start":{"line":85,"column":6},"end":{"line":85,"column":null}},"37":{"start":{"line":89,"column":4},"end":{"line":95,"column":null}},"38":{"start":{"line":90,"column":6},"end":{"line":94,"column":null}},"39":{"start":{"line":91,"column":8},"end":{"line":91,"column":null}},"40":{"start":{"line":93,"column":8},"end":{"line":93,"column":null}},"41":{"start":{"line":97,"column":4},"end":{"line":97,"column":null}},"42":{"start":{"line":99,"column":4},"end":{"line":99,"column":null}},"43":{"start":{"line":100,"column":4},"end":{"line":100,"column":null}}},"fnMap":{"0":{"name":"triggerConfetti","decl":{"start":{"line":4,"column":16},"end":{"line":4,"column":34}},"loc":{"start":{"line":4,"column":34},"end":{"line":34,"column":null}},"line":4},"1":{"name":"(anonymous_1)","decl":{"start":{"line":9,"column":8},"end":{"line":9,"column":25}},"loc":{"start":{"line":10,"column":4},"end":{"line":10,"column":null}},"line":10},"2":{"name":"(anonymous_2)","decl":{"start":{"line":13,"column":63},"end":{"line":13,"column":75}},"loc":{"start":{"line":13,"column":75},"end":{"line":33,"column":5}},"line":13},"3":{"name":"getLevelTitle","decl":{"start":{"line":36,"column":16},"end":{"line":36,"column":30}},"loc":{"start":{"line":36,"column":53},"end":{"line":42,"column":null}},"line":36},"4":{"name":"getLevelColor","decl":{"start":{"line":44,"column":16},"end":{"line":44,"column":30}},"loc":{"start":{"line":44,"column":53},"end":{"line":50,"column":null}},"line":44},"5":{"name":"getNextLevelXp","decl":{"start":{"line":57,"column":16},"end":{"line":57,"column":31}},"loc":{"start":{"line":57,"column":61},"end":{"line":59,"column":null}},"line":57},"6":{"name":"earnXp","decl":{"start":{"line":74,"column":22},"end":{"line":74,"column":29}},"loc":{"start":{"line":74,"column":100},"end":{"line":102,"column":null}},"line":74}},"branchMap":{"0":{"loc":{"start":{"line":16,"column":4},"end":{"line":18,"column":null}},"type":"if","locations":[{"start":{"line":16,"column":4},"end":{"line":18,"column":null}},{"start":{},"end":{}}],"line":16},"1":{"loc":{"start":{"line":37,"column":2},"end":{"line":37,"column":null}},"type":"if","locations":[{"start":{"line":37,"column":2},"end":{"line":37,"column":null}},{"start":{},"end":{}}],"line":37},"2":{"loc":{"start":{"line":38,"column":2},"end":{"line":38,"column":null}},"type":"if","locations":[{"start":{"line":38,"column":2},"end":{"line":38,"column":null}},{"start":{},"end":{}}],"line":38},"3":{"loc":{"start":{"line":39,"column":2},"end":{"line":39,"column":null}},"type":"if","locations":[{"start":{"line":39,"column":2},"end":{"line":39,"column":null}},{"start":{},"end":{}}],"line":39},"4":{"loc":{"start":{"line":40,"column":2},"end":{"line":40,"column":null}},"type":"if","locations":[{"start":{"line":40,"column":2},"end":{"line":40,"column":null}},{"start":{},"end":{}}],"line":40},"5":{"loc":{"start":{"line":45,"column":2},"end":{"line":45,"column":null}},"type":"if","locations":[{"start":{"line":45,"column":2},"end":{"line":45,"column":null}},{"start":{},"end":{}}],"line":45},"6":{"loc":{"start":{"line":46,"column":2},"end":{"line":46,"column":null}},"type":"if","locations":[{"start":{"line":46,"column":2},"end":{"line":46,"column":null}},{"start":{},"end":{}}],"line":46},"7":{"loc":{"start":{"line":47,"column":2},"end":{"line":47,"column":null}},"type":"if","locations":[{"start":{"line":47,"column":2},"end":{"line":47,"column":null}},{"start":{},"end":{}}],"line":47},"8":{"loc":{"start":{"line":48,"column":2},"end":{"line":48,"column":null}},"type":"if","locations":[{"start":{"line":48,"column":2},"end":{"line":48,"column":null}},{"start":{},"end":{}}],"line":48},"9":{"loc":{"start":{"line":83,"column":4},"end":{"line":86,"column":null}},"type":"if","locations":[{"start":{"line":83,"column":4},"end":{"line":86,"column":null}},{"start":{},"end":{}}],"line":83},"10":{"loc":{"start":{"line":89,"column":4},"end":{"line":95,"column":null}},"type":"if","locations":[{"start":{"line":89,"column":4},"end":{"line":95,"column":null}},{"start":{},"end":{}}],"line":89},"11":{"loc":{"start":{"line":89,"column":8},"end":{"line":89,"column":65}},"type":"binary-expr","locations":[{"start":{"line":89,"column":8},"end":{"line":89,"column":41}},{"start":{"line":89,"column":41},"end":{"line":89,"column":65}}],"line":89},"12":{"loc":{"start":{"line":90,"column":6},"end":{"line":94,"column":null}},"type":"if","locations":[{"start":{"line":90,"column":6},"end":{"line":94,"column":null}},{"start":{"line":92,"column":13},"end":{"line":94,"column":null}}],"line":90}},"s":{"0":0,"1":0,"2":0,"3":0,"4":0,"5":0,"6":0,"7":0,"8":0,"9":0,"10":0,"11":0,"12":10,"13":2,"14":8,"15":2,"16":6,"17":2,"18":4,"19":2,"20":2,"21":5,"22":1,"23":4,"24":1,"25":3,"26":1,"27":2,"28":1,"29":1,"30":8,"31":0,"32":0,"33":0,"34":0,"35":0,"36":0,"37":0,"38":0,"39":0,"40":0,"41":0,"42":0,"43":0},"f":{"0":0,"1":0,"2":0,"3":10,"4":5,"5":8,"6":0},"b":{"0":[0,0],"1":[2,8],"2":[2,6],"3":[2,4],"4":[2,2],"5":[1,4],"6":[1,3],"7":[1,2],"8":[1,1],"9":[0,0],"10":[0,0],"11":[0,0],"12":[0,0]},"meta":{"lastBranch":13,"lastFunction":7,"lastStatement":44,"seen":{"f:4:16:4:34":0,"s:5:19:5:Infinity":0,"s:6:23:6:Infinity":1,"s:7:19:7:Infinity":2,"s:9:8:10:Infinity":3,"f:9:8:9:25":1,"s:10:4:10:Infinity":4,"s:13:51:33:Infinity":5,"f:13:63:13:75":2,"s:14:21:14:Infinity":6,"b:16:4:18:Infinity:undefined:undefined:undefined:undefined":0,"s:16:4:18:Infinity":7,"s:17:6:17:Infinity":8,"s:20:26:20:Infinity":9,"s:21:4:26:Infinity":10,"s:27:4:32:Infinity":11,"f:36:16:36:30":3,"b:37:2:37:Infinity:undefined:undefined:undefined:undefined":1,"s:37:2:37:Infinity":12,"s:37:17:37:Infinity":13,"b:38:2:38:Infinity:undefined:undefined:undefined:undefined":2,"s:38:2:38:Infinity":14,"s:38:18:38:Infinity":15,"b:39:2:39:Infinity:undefined:undefined:undefined:undefined":3,"s:39:2:39:Infinity":16,"s:39:18:39:Infinity":17,"b:40:2:40:Infinity:undefined:undefined:undefined:undefined":4,"s:40:2:40:Infinity":18,"s:40:18:40:Infinity":19,"s:41:2:41:Infinity":20,"f:44:16:44:30":4,"b:45:2:45:Infinity:undefined:undefined:undefined:undefined":5,"s:45:2:45:Infinity":21,"s:45:17:45:Infinity":22,"b:46:2:46:Infinity:undefined:undefined:undefined:undefined":6,"s:46:2:46:Infinity":23,"s:46:18:46:Infinity":24,"b:47:2:47:Infinity:undefined:undefined:undefined:undefined":7,"s:47:2:47:Infinity":25,"s:47:18:47:Infinity":26,"b:48:2:48:Infinity:undefined:undefined:undefined:undefined":8,"s:48:2:48:Infinity":27,"s:48:18:48:Infinity":28,"s:49:2:49:Infinity":29,"f:57:16:57:31":5,"s:58:2:58:Infinity":30,"f:74:22:74:29":6,"s:75:2:101:Infinity":31,"s:76:16:80:Infinity":32,"s:81:31:81:Infinity":33,"b:83:4:86:Infinity:undefined:undefined:undefined:undefined":9,"s:83:4:86:Infinity":34,"s:84:6:84:Infinity":35,"s:85:6:85:Infinity":36,"b:89:4:95:Infinity:undefined:undefined:undefined:undefined":10,"s:89:4:95:Infinity":37,"b:89:8:89:41:89:41:89:65":11,"b:90:6:94:Infinity:92:13:94:Infinity":12,"s:90:6:94:Infinity":38,"s:91:8:91:Infinity":39,"s:93:8:93:Infinity":40,"s:97:4:97:Infinity":41,"s:99:4:99:Infinity":42,"s:100:4:100:Infinity":43},"fnNames":{}}}
,"C:\\Users\\VAN WOODROE\\Documents\\ScholarMe\\lib\\utils\\roles.ts": {"path":"C:\\Users\\VAN WOODROE\\Documents\\ScholarMe\\lib\\utils\\roles.ts","statementMap":{"0":{"start":{"line":21,"column":26},"end":{"line":33,"column":null}},"1":{"start":{"line":35,"column":53},"end":{"line":47,"column":null}},"2":{"start":{"line":49,"column":27},"end":{"line":49,"column":null}},"3":{"start":{"line":51,"column":31},"end":{"line":57,"column":null}},"4":{"start":{"line":59,"column":36},"end":{"line":62,"column":null}},"5":{"start":{"line":64,"column":28},"end":{"line":68,"column":null}},"6":{"start":{"line":70,"column":27},"end":{"line":73,"column":null}},"7":{"start":{"line":79,"column":38},"end":{"line":82,"column":null}},"8":{"start":{"line":84,"column":32},"end":{"line":88,"column":null}},"9":{"start":{"line":90,"column":29},"end":{"line":95,"column":null}},"10":{"start":{"line":97,"column":34},"end":{"line":103,"column":null}},"11":{"start":{"line":105,"column":36},"end":{"line":110,"column":null}},"12":{"start":{"line":112,"column":36},"end":{"line":116,"column":null}},"13":{"start":{"line":118,"column":40},"end":{"line":122,"column":null}},"14":{"start":{"line":124,"column":27},"end":{"line":128,"column":null}},"15":{"start":{"line":130,"column":30},"end":{"line":134,"column":null}},"16":{"start":{"line":139,"column":5},"end":{"line":153,"column":null}},"17":{"start":{"line":156,"column":2},"end":{"line":156,"column":null}},"18":{"start":{"line":163,"column":2},"end":{"line":163,"column":null}},"19":{"start":{"line":169,"column":2},"end":{"line":169,"column":null}},"20":{"start":{"line":175,"column":2},"end":{"line":175,"column":null}},"21":{"start":{"line":181,"column":2},"end":{"line":181,"column":null}},"22":{"start":{"line":187,"column":2},"end":{"line":187,"column":null}},"23":{"start":{"line":187,"column":12},"end":{"line":187,"column":null}},"24":{"start":{"line":188,"column":2},"end":{"line":188,"column":null}},"25":{"start":{"line":188,"column":26},"end":{"line":188,"column":null}},"26":{"start":{"line":189,"column":2},"end":{"line":189,"column":null}},"27":{"start":{"line":195,"column":15},"end":{"line":197,"column":null}},"28":{"start":{"line":198,"column":2},"end":{"line":198,"column":null}},"29":{"start":{"line":205,"column":2},"end":{"line":205,"column":null}},"30":{"start":{"line":205,"column":62},"end":{"line":205,"column":null}},"31":{"start":{"line":207,"column":16},"end":{"line":209,"column":null}},"32":{"start":{"line":208,"column":4},"end":{"line":208,"column":null}},"33":{"start":{"line":210,"column":2},"end":{"line":210,"column":null}},"34":{"start":{"line":210,"column":14},"end":{"line":210,"column":null}},"35":{"start":{"line":212,"column":2},"end":{"line":212,"column":null}},"36":{"start":{"line":216,"column":2},"end":{"line":216,"column":null}},"37":{"start":{"line":219,"column":2},"end":{"line":219,"column":null}},"38":{"start":{"line":222,"column":2},"end":{"line":222,"column":null}},"39":{"start":{"line":225,"column":2},"end":{"line":225,"column":null}},"40":{"start":{"line":228,"column":2},"end":{"line":228,"column":null}}},"fnMap":{"0":{"name":"isKnownRole","decl":{"start":{"line":155,"column":16},"end":{"line":155,"column":28}},"loc":{"start":{"line":155,"column":79},"end":{"line":157,"column":null}},"line":155},"1":{"name":"hasAnyRole","decl":{"start":{"line":159,"column":16},"end":{"line":159,"column":null}},"loc":{"start":{"line":162,"column":20},"end":{"line":164,"column":null}},"line":162},"2":{"name":"isAdminRole","decl":{"start":{"line":166,"column":16},"end":{"line":166,"column":null}},"loc":{"start":{"line":168,"column":40},"end":{"line":170,"column":null}},"line":168},"3":{"name":"isEsasScholar","decl":{"start":{"line":172,"column":16},"end":{"line":172,"column":null}},"loc":{"start":{"line":174,"column":11},"end":{"line":176,"column":null}},"line":174},"4":{"name":"isRegularMember","decl":{"start":{"line":178,"column":16},"end":{"line":178,"column":null}},"loc":{"start":{"line":180,"column":11},"end":{"line":182,"column":null}},"line":180},"5":{"name":"normalizeRole","decl":{"start":{"line":184,"column":16},"end":{"line":184,"column":null}},"loc":{"start":{"line":186,"column":24},"end":{"line":190,"column":null}},"line":186},"6":{"name":"getRoleName","decl":{"start":{"line":192,"column":16},"end":{"line":192,"column":null}},"loc":{"start":{"line":194,"column":12},"end":{"line":199,"column":null}},"line":194},"7":{"name":"canAccessAdminRoute","decl":{"start":{"line":201,"column":16},"end":{"line":201,"column":null}},"loc":{"start":{"line":204,"column":11},"end":{"line":213,"column":null}},"line":204},"8":{"name":"(anonymous_8)","decl":{"start":{"line":207,"column":35},"end":{"line":207,"column":41}},"loc":{"start":{"line":208,"column":4},"end":{"line":208,"column":null}},"line":208},"9":{"name":"canAccessFinance","decl":{"start":{"line":215,"column":16},"end":{"line":215,"column":33}},"loc":{"start":{"line":215,"column":66},"end":{"line":217,"column":null}},"line":215},"10":{"name":"canSubmitFinance","decl":{"start":{"line":218,"column":16},"end":{"line":218,"column":33}},"loc":{"start":{"line":218,"column":66},"end":{"line":220,"column":null}},"line":218},"11":{"name":"canReviewFinance","decl":{"start":{"line":221,"column":16},"end":{"line":221,"column":33}},"loc":{"start":{"line":221,"column":66},"end":{"line":223,"column":null}},"line":221},"12":{"name":"canApproveFinance","decl":{"start":{"line":224,"column":16},"end":{"line":224,"column":34}},"loc":{"start":{"line":224,"column":67},"end":{"line":226,"column":null}},"line":224},"13":{"name":"canAuditFinance","decl":{"start":{"line":227,"column":16},"end":{"line":227,"column":32}},"loc":{"start":{"line":227,"column":65},"end":{"line":229,"column":null}},"line":227}},"branchMap":{"0":{"loc":{"start":{"line":163,"column":9},"end":{"line":163,"column":null}},"type":"binary-expr","locations":[{"start":{"line":163,"column":9},"end":{"line":163,"column":30}},{"start":{"line":163,"column":30},"end":{"line":163,"column":null}}],"line":163},"1":{"loc":{"start":{"line":187,"column":2},"end":{"line":187,"column":null}},"type":"if","locations":[{"start":{"line":187,"column":2},"end":{"line":187,"column":null}},{"start":{},"end":{}}],"line":187},"2":{"loc":{"start":{"line":188,"column":2},"end":{"line":188,"column":null}},"type":"if","locations":[{"start":{"line":188,"column":2},"end":{"line":188,"column":null}},{"start":{},"end":{}}],"line":188},"3":{"loc":{"start":{"line":188,"column":34},"end":{"line":188,"column":null}},"type":"binary-expr","locations":[{"start":{"line":188,"column":34},"end":{"line":188,"column":57}},{"start":{"line":188,"column":57},"end":{"line":188,"column":null}}],"line":188},"4":{"loc":{"start":{"line":198,"column":9},"end":{"line":198,"column":null}},"type":"cond-expr","locations":[{"start":{"line":198,"column":35},"end":{"line":198,"column":47}},{"start":{"line":198,"column":47},"end":{"line":198,"column":null}}],"line":198},"5":{"loc":{"start":{"line":205,"column":2},"end":{"line":205,"column":null}},"type":"if","locations":[{"start":{"line":205,"column":2},"end":{"line":205,"column":null}},{"start":{},"end":{}}],"line":205},"6":{"loc":{"start":{"line":210,"column":2},"end":{"line":210,"column":null}},"type":"if","locations":[{"start":{"line":210,"column":2},"end":{"line":210,"column":null}},{"start":{},"end":{}}],"line":210}},"s":{"0":6,"1":6,"2":6,"3":6,"4":6,"5":6,"6":6,"7":6,"8":6,"9":6,"10":6,"11":6,"12":6,"13":6,"14":6,"15":6,"16":6,"17":0,"18":0,"19":1,"20":0,"21":0,"22":0,"23":0,"24":0,"25":0,"26":0,"27":0,"28":0,"29":0,"30":0,"31":0,"32":0,"33":0,"34":0,"35":0,"36":0,"37":0,"38":0,"39":0,"40":0},"f":{"0":0,"1":0,"2":1,"3":0,"4":0,"5":0,"6":0,"7":0,"8":0,"9":0,"10":0,"11":0,"12":0,"13":0},"b":{"0":[0,0],"1":[0,0],"2":[0,0],"3":[0,0],"4":[0,0],"5":[0,0],"6":[0,0]},"meta":{"lastBranch":7,"lastFunction":14,"lastStatement":41,"seen":{"s:21:26:33:Infinity":0,"s:35:53:47:Infinity":1,"s:49:27:49:Infinity":2,"s:51:31:57:Infinity":3,"s:59:36:62:Infinity":4,"s:64:28:68:Infinity":5,"s:70:27:73:Infinity":6,"s:79:38:82:Infinity":7,"s:84:32:88:Infinity":8,"s:90:29:95:Infinity":9,"s:97:34:103:Infinity":10,"s:105:36:110:Infinity":11,"s:112:36:116:Infinity":12,"s:118:40:122:Infinity":13,"s:124:27:128:Infinity":14,"s:130:30:134:Infinity":15,"s:139:5:153:Infinity":16,"f:155:16:155:28":0,"s:156:2:156:Infinity":17,"f:159:16:159:Infinity":1,"s:163:2:163:Infinity":18,"b:163:9:163:30:163:30:163:Infinity":0,"f:166:16:166:Infinity":2,"s:169:2:169:Infinity":19,"f:172:16:172:Infinity":3,"s:175:2:175:Infinity":20,"f:178:16:178:Infinity":4,"s:181:2:181:Infinity":21,"f:184:16:184:Infinity":5,"b:187:2:187:Infinity:undefined:undefined:undefined:undefined":1,"s:187:2:187:Infinity":22,"s:187:12:187:Infinity":23,"b:188:2:188:Infinity:undefined:undefined:undefined:undefined":2,"s:188:2:188:Infinity":24,"s:188:26:188:Infinity":25,"b:188:34:188:57:188:57:188:Infinity":3,"s:189:2:189:Infinity":26,"f:192:16:192:Infinity":6,"s:195:15:197:Infinity":27,"s:198:2:198:Infinity":28,"b:198:35:198:47:198:47:198:Infinity":4,"f:201:16:201:Infinity":7,"b:205:2:205:Infinity:undefined:undefined:undefined:undefined":5,"s:205:2:205:Infinity":29,"s:205:62:205:Infinity":30,"s:207:16:209:Infinity":31,"f:207:35:207:41":8,"s:208:4:208:Infinity":32,"b:210:2:210:Infinity:undefined:undefined:undefined:undefined":6,"s:210:2:210:Infinity":33,"s:210:14:210:Infinity":34,"s:212:2:212:Infinity":35,"f:215:16:215:33":9,"s:216:2:216:Infinity":36,"f:218:16:218:33":10,"s:219:2:219:Infinity":37,"f:221:16:221:33":11,"s:222:2:222:Infinity":38,"f:224:16:224:34":12,"s:225:2:225:Infinity":39,"f:227:16:227:32":13,"s:228:2:228:Infinity":40},"fnNames":{}}}
,"C:\\Users\\VAN WOODROE\\Documents\\ScholarMe\\lib\\utils\\sm2.ts": {"path":"C:\\Users\\VAN WOODROE\\Documents\\ScholarMe\\lib\\utils\\sm2.ts","statementMap":{"0":{"start":{"line":20,"column":19},"end":{"line":20,"column":null}},"1":{"start":{"line":21,"column":17},"end":{"line":21,"column":null}},"2":{"start":{"line":22,"column":24},"end":{"line":22,"column":null}},"3":{"start":{"line":24,"column":2},"end":{"line":36,"column":null}},"4":{"start":{"line":25,"column":4},"end":{"line":31,"column":null}},"5":{"start":{"line":26,"column":6},"end":{"line":26,"column":null}},"6":{"start":{"line":27,"column":11},"end":{"line":31,"column":null}},"7":{"start":{"line":28,"column":6},"end":{"line":28,"column":null}},"8":{"start":{"line":30,"column":6},"end":{"line":30,"column":null}},"9":{"start":{"line":32,"column":4},"end":{"line":32,"column":null}},"10":{"start":{"line":34,"column":4},"end":{"line":34,"column":null}},"11":{"start":{"line":35,"column":4},"end":{"line":35,"column":null}},"12":{"start":{"line":38,"column":2},"end":{"line":39,"column":null}},"13":{"start":{"line":40,"column":2},"end":{"line":40,"column":null}},"14":{"start":{"line":40,"column":24},"end":{"line":40,"column":null}},"15":{"start":{"line":42,"column":2},"end":{"line":46,"column":null}}},"fnMap":{"0":{"name":"calculateSM2","decl":{"start":{"line":14,"column":16},"end":{"line":14,"column":null}},"loc":{"start":{"line":19,"column":2},"end":{"line":47,"column":null}},"line":19}},"branchMap":{"0":{"loc":{"start":{"line":24,"column":2},"end":{"line":36,"column":null}},"type":"if","locations":[{"start":{"line":24,"column":2},"end":{"line":36,"column":null}},{"start":{"line":33,"column":9},"end":{"line":36,"column":null}}],"line":24},"1":{"loc":{"start":{"line":25,"column":4},"end":{"line":31,"column":null}},"type":"if","locations":[{"start":{"line":25,"column":4},"end":{"line":31,"column":null}},{"start":{"line":27,"column":11},"end":{"line":31,"column":null}}],"line":25},"2":{"loc":{"start":{"line":27,"column":11},"end":{"line":31,"column":null}},"type":"if","locations":[{"start":{"line":27,"column":11},"end":{"line":31,"column":null}},{"start":{"line":29,"column":11},"end":{"line":31,"column":null}}],"line":27},"3":{"loc":{"start":{"line":40,"column":2},"end":{"line":40,"column":null}},"type":"if","locations":[{"start":{"line":40,"column":2},"end":{"line":40,"column":null}},{"start":{},"end":{}}],"line":40}},"s":{"0":7,"1":7,"2":7,"3":7,"4":5,"5":1,"6":4,"7":1,"8":3,"9":5,"10":2,"11":2,"12":7,"13":7,"14":1,"15":7},"f":{"0":7},"b":{"0":[5,2],"1":[1,4],"2":[1,3],"3":[1,6]},"meta":{"lastBranch":4,"lastFunction":1,"lastStatement":16,"seen":{"f:14:16:14:Infinity":0,"s:20:19:20:Infinity":0,"s:21:17:21:Infinity":1,"s:22:24:22:Infinity":2,"b:24:2:36:Infinity:33:9:36:Infinity":0,"s:24:2:36:Infinity":3,"b:25:4:31:Infinity:27:11:31:Infinity":1,"s:25:4:31:Infinity":4,"s:26:6:26:Infinity":5,"b:27:11:31:Infinity:29:11:31:Infinity":2,"s:27:11:31:Infinity":6,"s:28:6:28:Infinity":7,"s:30:6:30:Infinity":8,"s:32:4:32:Infinity":9,"s:34:4:34:Infinity":10,"s:35:4:35:Infinity":11,"s:38:2:39:Infinity":12,"b:40:2:40:Infinity:undefined:undefined:undefined:undefined":3,"s:40:2:40:Infinity":13,"s:40:24:40:Infinity":14,"s:42:2:46:Infinity":15},"fnNames":{}}}
}
